object TprTxReport
  FromPage = 1
  ToPage = 1
  Title = 'CARTERA EN ABOGADO'
  Values = <
    item
      Group = gAbogado
      Name = 'vCantidadAbogado'
      AggFunction = prafCount
      Formula = 'IBQuery.ID_COLOCACION'
      ResetOn = rvtGroup
      CalcOn = cvtDataSetNext
      DataSetName = 'IBQuery'
    end
    item
      Group = gAbogado
      Name = 'vTotalAbogado'
      AggFunction = prafSum
      Formula = 'IBQuery.VALOR_DESEMBOLSO-IBQuery.ABONOS_CAPITAL'
      ResetOn = rvtGroup
      CalcOn = cvtDataSetNext
      DataSetName = 'IBQuery'
    end
    item
      Name = 'vCantidad'
      AggFunction = prafCount
      Formula = 'IBQuery.ID_COLOCACION'
      ResetOn = rvtReport
      CalcOn = cvtDataSetNext
      DataSetName = 'IBQuery'
    end
    item
      Name = 'vTotal'
      AggFunction = prafSum
      Formula = 'IBQuery.VALOR_DESEMBOLSO-IBQuery.ABONOS_CAPITAL'
      ResetOn = rvtReport
      CalcOn = cvtDataSetNext
      DataSetName = 'IBQuery'
    end
    item
      Group = gAbogado
      Name = 'vTotalCostasAbogado'
      AggFunction = prafSum
      Formula = 'IBQuery.COSTAS'
      ResetOn = rvtGroup
      CalcOn = cvtDataSetNext
      DataSetName = 'IBQuery'
    end
    item
      Name = 'vTotalCostas'
      AggFunction = prafSum
      Formula = 'IBQuery.COSTAS'
      ResetOn = rvtReport
      CalcOn = cvtDataSetNext
      DataSetName = 'IBQuery'
    end>
  Variables = <
    item
      Name = 'EMPRESA'
      ValueType = 'prvvtString'
      Value = 'CREDISERVIR LTDA'
    end
    item
      Name = 'NIT'
      ValueType = 'prvvtString'
      Value = '890.505.363-6'
    end
    item
      Name = 'ESTADO'
      ValueType = 'prvvtString'
      Value = ''
    end>
  PrinterName = 'EPSON FX-1180+ ESC/P'
  ESCModelName = 'Epson printers'
  WrapAfterColumn = 0
  FromLine = 1
  ToLine = 1
  Left = 66
  Top = 60
  SystemInfo = (
    'OS: WIN32_NT 5.1.2600 Service Pack 2'
    ''
    'PageSize: 4096'
    'ActiveProcessorMask: $1000'
    'NumberOfProcessors: 2'
    'ProcessorType: 586'
    ''
    'Compiler version: Delphi6'
    'PReport version: 1.9.4')
  object prTxPage1: TprTxPage
    PageType = tptPage
    LineNum = 60
    ColNum = 130
    object prTxHPageHeaderBand1: TprTxHPageHeaderBand
      Height = 3
      UseVerticalBands = False
      PrintOnFirstPage = True
      object prTxMemoObj16: TprTxMemoObj
        dRec.DefVersion = 0
        dRec.Versions = <
          item
            Visible = True
            Memo.Strings = (
              '[EMPRESA]')
            DeleteEmptyLinesAtEnd = False
            DeleteEmptyLines = False
            CanResizeX = False
            CanResizeY = False
            hAlign = prhCenter
            vAlign = prvTop
            DefaultFont = False
            WordWrap = False
            TxFontOptionsEx = (
              tfoBold)
          end>
        dRec.Left = 1
        dRec.Top = 0
        dRec.Right = 19
        dRec.Bottom = 1
        Visible = False
      end
      object prTxMemoObj17: TprTxMemoObj
        dRec.DefVersion = 0
        dRec.Versions = <
          item
            Visible = True
            Memo.Strings = (
              'INFORME ABOGADOS CON CARTERA EN COBRO')
            DeleteEmptyLinesAtEnd = False
            DeleteEmptyLines = False
            CanResizeX = False
            CanResizeY = False
            hAlign = prhCenter
            vAlign = prvTop
            DefaultFont = False
            WordWrap = False
          end>
        dRec.Left = 21
        dRec.Top = 0
        dRec.Right = 91
        dRec.Bottom = 1
        Visible = False
      end
      object prTxMemoObj18: TprTxMemoObj
        dRec.DefVersion = 0
        dRec.Versions = <
          item
            Visible = True
            Memo.Strings = (
              '[:<yyyy/mm/dd>StartDateTime]')
            DeleteEmptyLinesAtEnd = False
            DeleteEmptyLines = False
            CanResizeX = False
            CanResizeY = False
            hAlign = prhLeft
            vAlign = prvTop
            DefaultFont = False
            WordWrap = False
          end>
        dRec.Left = 98
        dRec.Top = 0
        dRec.Right = 111
        dRec.Bottom = 1
        Visible = False
      end
      object prTxMemoObj19: TprTxMemoObj
        dRec.DefVersion = 0
        dRec.Versions = <
          item
            Visible = True
            Memo.Strings = (
              '[NIT]')
            DeleteEmptyLinesAtEnd = False
            DeleteEmptyLines = False
            CanResizeX = False
            CanResizeY = False
            hAlign = prhCenter
            vAlign = prvTop
            DefaultFont = False
            WordWrap = False
          end>
        dRec.Left = 1
        dRec.Top = 1
        dRec.Right = 19
        dRec.Bottom = 2
        Visible = False
      end
      object prTxHLineObj4: TprTxHLineObj
        dRec.DefVersion = 0
        dRec.Versions = <
          item
            Visible = True
          end>
        dRec.Left = 0
        dRec.Top = 2
        dRec.Right = 123
        dRec.Bottom = 3
        Visible = False
      end
      object prTxCommandObj1: TprTxCommandObj
        dRec.DefVersion = 0
        dRec.Versions = <
          item
            Visible = True
            TxCommands = (
              txcCondensedOn)
          end>
        dRec.Left = 0
        dRec.Top = 0
        dRec.Right = 1
        dRec.Bottom = 1
        Visible = False
      end
      object prTxMemoObj28: TprTxMemoObj
        dRec.DefVersion = 0
        dRec.Versions = <
          item
            Visible = True
            Memo.Strings = (
              'ESTADO DE LA CARTERA:[ESTADO]')
            DeleteEmptyLinesAtEnd = False
            DeleteEmptyLines = False
            CanResizeX = False
            CanResizeY = False
            hAlign = prhCenter
            vAlign = prvCenter
            DefaultFont = False
            WordWrap = False
          end>
        dRec.Left = 21
        dRec.Top = 1
        dRec.Right = 91
        dRec.Bottom = 2
        Visible = False
      end
    end
    object prTxHGroupHeaderBand1: TprTxHGroupHeaderBand
      Height = 2
      UseVerticalBands = False
      Group = gAbogado
      ColCount = 1
      ColDirection = prcdTopBottomLeftRight
      LinkToDetail = True
      StartNewPage = False
      ReprintOnEachPage = True
      object prTxMemoObj4: TprTxMemoObj
        dRec.DefVersion = 0
        dRec.Versions = <
          item
            Visible = True
            Memo.Strings = (
              'ABOGADO:')
            DeleteEmptyLinesAtEnd = False
            DeleteEmptyLines = False
            CanResizeX = False
            CanResizeY = False
            hAlign = prhLeft
            vAlign = prvTop
            DefaultFont = False
            WordWrap = False
          end>
        dRec.Left = 0
        dRec.Top = 0
        dRec.Right = 8
        dRec.Bottom = 1
        Visible = False
      end
      object prTxMemoObj5: TprTxMemoObj
        dRec.DefVersion = 0
        dRec.Versions = <
          item
            Visible = True
            Memo.Strings = (
              '[IBQuery.NOMBRE]')
            DeleteEmptyLinesAtEnd = False
            DeleteEmptyLines = False
            CanResizeX = False
            CanResizeY = False
            hAlign = prhLeft
            vAlign = prvTop
            DefaultFont = False
            WordWrap = False
          end>
        dRec.Left = 9
        dRec.Top = 0
        dRec.Right = 76
        dRec.Bottom = 1
        Visible = False
      end
      object prTxHLineObj2: TprTxHLineObj
        dRec.DefVersion = 0
        dRec.Versions = <
          item
            Visible = True
          end>
        dRec.Left = 0
        dRec.Top = 1
        dRec.Right = 123
        dRec.Bottom = 2
        Visible = False
      end
    end
    object prTxHDetailHeaderBand1: TprTxHDetailHeaderBand
      Height = 2
      UseVerticalBands = False
      DetailBand = prTxHDetailBand1
      ColCount = 0
      ColDirection = prcdTopBottomLeftRight
      ReprintOnEachPage = False
      LinkToDetail = False
      object prTxHLineObj1: TprTxHLineObj
        dRec.DefVersion = 0
        dRec.Versions = <
          item
            Visible = True
          end>
        dRec.Left = 0
        dRec.Top = 1
        dRec.Right = 123
        dRec.Bottom = 2
        Visible = False
      end
      object prTxMemoObj1: TprTxMemoObj
        dRec.DefVersion = 0
        dRec.Versions = <
          item
            Visible = True
            Memo.Strings = (
              'COLOCACION')
            DeleteEmptyLinesAtEnd = False
            DeleteEmptyLines = False
            CanResizeX = False
            CanResizeY = False
            hAlign = prhCenter
            vAlign = prvTop
            DefaultFont = False
            WordWrap = False
          end>
        dRec.Left = 0
        dRec.Top = 0
        dRec.Right = 15
        dRec.Bottom = 1
        Visible = False
      end
      object prTxMemoObj3: TprTxMemoObj
        dRec.DefVersion = 0
        dRec.Versions = <
          item
            Visible = True
            Memo.Strings = (
              'VALOR')
            DeleteEmptyLinesAtEnd = False
            DeleteEmptyLines = False
            CanResizeX = False
            CanResizeY = False
            hAlign = prhCenter
            vAlign = prvTop
            DefaultFont = False
            WordWrap = False
          end>
        dRec.Left = 80
        dRec.Top = 0
        dRec.Right = 95
        dRec.Bottom = 1
        Visible = False
      end
      object prTxMemoObj2: TprTxMemoObj
        dRec.DefVersion = 0
        dRec.Versions = <
          item
            Visible = True
            Memo.Strings = (
              'ASOCIADO')
            DeleteEmptyLinesAtEnd = False
            DeleteEmptyLines = False
            CanResizeX = False
            CanResizeY = False
            hAlign = prhCenter
            vAlign = prvTop
            DefaultFont = False
            WordWrap = False
          end>
        dRec.Left = 16
        dRec.Top = 0
        dRec.Right = 65
        dRec.Bottom = 1
        Visible = False
      end
      object prTxVLineObj1: TprTxVLineObj
        dRec.DefVersion = 0
        dRec.Versions = <
          item
            Visible = True
          end>
        dRec.Left = 15
        dRec.Top = 0
        dRec.Right = 16
        dRec.Bottom = 1
        Visible = False
      end
      object prTxVLineObj2: TprTxVLineObj
        dRec.DefVersion = 0
        dRec.Versions = <
          item
            Visible = True
          end>
        dRec.Left = 65
        dRec.Top = 0
        dRec.Right = 66
        dRec.Bottom = 1
        Visible = False
      end
      object prTxMemoObj20: TprTxMemoObj
        dRec.DefVersion = 0
        dRec.Versions = <
          item
            Visible = True
            Memo.Strings = (
              'FECHA INTERES')
            DeleteEmptyLinesAtEnd = False
            DeleteEmptyLines = False
            CanResizeX = False
            CanResizeY = False
            hAlign = prhLeft
            vAlign = prvTop
            DefaultFont = False
            WordWrap = False
          end>
        dRec.Left = 66
        dRec.Top = 0
        dRec.Right = 79
        dRec.Bottom = 1
        Visible = False
      end
      object prTxVLineObj5: TprTxVLineObj
        dRec.DefVersion = 0
        dRec.Versions = <
          item
            Visible = True
          end>
        dRec.Left = 79
        dRec.Top = 0
        dRec.Right = 80
        dRec.Bottom = 1
        Visible = False
      end
      object prTxVLineObj8: TprTxVLineObj
        dRec.DefVersion = 0
        dRec.Versions = <
          item
            Visible = True
          end>
        dRec.Left = 95
        dRec.Top = 0
        dRec.Right = 96
        dRec.Bottom = 1
        Visible = False
      end
      object prTxMemoObj22: TprTxMemoObj
        dRec.DefVersion = 0
        dRec.Versions = <
          item
            Visible = True
            Memo.Strings = (
              'COSTAS')
            DeleteEmptyLinesAtEnd = False
            DeleteEmptyLines = False
            CanResizeX = False
            CanResizeY = False
            hAlign = prhCenter
            vAlign = prvCenter
            DefaultFont = False
            WordWrap = False
          end>
        dRec.Left = 96
        dRec.Top = 0
        dRec.Right = 111
        dRec.Bottom = 1
        Visible = False
      end
      object prTxMemoObj26: TprTxMemoObj
        dRec.DefVersion = 0
        dRec.Versions = <
          item
            Visible = True
            Memo.Strings = (
              'ESTADO')
            DeleteEmptyLinesAtEnd = False
            DeleteEmptyLines = False
            CanResizeX = False
            CanResizeY = False
            hAlign = prhCenter
            vAlign = prvTop
            DefaultFont = False
            WordWrap = False
          end>
        dRec.Left = 112
        dRec.Top = 0
        dRec.Right = 123
        dRec.Bottom = 1
        Visible = False
      end
      object prTxVLineObj13: TprTxVLineObj
        dRec.DefVersion = 0
        dRec.Versions = <
          item
            Visible = True
          end>
        dRec.Left = 111
        dRec.Top = 0
        dRec.Right = 112
        dRec.Bottom = 1
        Visible = False
      end
    end
    object prTxHDetailBand1: TprTxHDetailBand
      Height = 1
      UseVerticalBands = False
      DataSetName = 'IBQuery'
      ColCount = 0
      ColDirection = prcdTopBottomLeftRight
      Groups = (
        'gAbogado')
      Bands = (
        'prTxHDetailHeaderBand1'
        'prTxHDetailFooterBand1')
      object prTxMemoObj6: TprTxMemoObj
        dRec.DefVersion = 0
        dRec.Versions = <
          item
            Visible = True
            Memo.Strings = (
              '[IBQuery.ID_COLOCACION]')
            DeleteEmptyLinesAtEnd = False
            DeleteEmptyLines = False
            CanResizeX = False
            CanResizeY = False
            hAlign = prhLeft
            vAlign = prvTop
            DefaultFont = False
            WordWrap = False
          end>
        dRec.Left = 0
        dRec.Top = 0
        dRec.Right = 15
        dRec.Bottom = 1
        Visible = False
      end
      object prTxMemoObj7: TprTxMemoObj
        dRec.DefVersion = 0
        dRec.Versions = <
          item
            Visible = True
            Memo.Strings = (
              '[IBQuery.NOMBRE1]')
            DeleteEmptyLinesAtEnd = False
            DeleteEmptyLines = False
            CanResizeX = False
            CanResizeY = False
            hAlign = prhLeft
            vAlign = prvTop
            DefaultFont = False
            WordWrap = False
          end>
        dRec.Left = 16
        dRec.Top = 0
        dRec.Right = 65
        dRec.Bottom = 1
        Visible = False
      end
      object prTxMemoObj8: TprTxMemoObj
        dRec.DefVersion = 0
        dRec.Versions = <
          item
            Visible = True
            Memo.Strings = (
              '[:<#,#0>IBQuery.VALOR_DESEMBOLSO-IBQuery.ABONOS_CAPITAL]')
            DeleteEmptyLinesAtEnd = False
            DeleteEmptyLines = False
            CanResizeX = False
            CanResizeY = False
            hAlign = prhRight
            vAlign = prvTop
            DefaultFont = False
            WordWrap = False
          end>
        dRec.Left = 80
        dRec.Top = 0
        dRec.Right = 95
        dRec.Bottom = 1
        Visible = False
      end
      object prTxVLineObj3: TprTxVLineObj
        dRec.DefVersion = 0
        dRec.Versions = <
          item
            Visible = True
          end>
        dRec.Left = 15
        dRec.Top = 0
        dRec.Right = 16
        dRec.Bottom = 1
        Visible = False
      end
      object prTxVLineObj4: TprTxVLineObj
        dRec.DefVersion = 0
        dRec.Versions = <
          item
            Visible = True
          end>
        dRec.Left = 65
        dRec.Top = 0
        dRec.Right = 66
        dRec.Bottom = 1
        Visible = False
      end
      object prTxMemoObj21: TprTxMemoObj
        dRec.DefVersion = 0
        dRec.Versions = <
          item
            Visible = True
            Memo.Strings = (
              '[:<yyyy/mm/dd>IBQuery.FECHA_INTERES]')
            DeleteEmptyLinesAtEnd = False
            DeleteEmptyLines = False
            CanResizeX = False
            CanResizeY = False
            hAlign = prhLeft
            vAlign = prvTop
            DefaultFont = False
            WordWrap = False
          end>
        dRec.Left = 66
        dRec.Top = 0
        dRec.Right = 79
        dRec.Bottom = 1
        Visible = False
      end
      object prTxVLineObj6: TprTxVLineObj
        dRec.DefVersion = 0
        dRec.Versions = <
          item
            Visible = True
          end>
        dRec.Left = 79
        dRec.Top = 0
        dRec.Right = 80
        dRec.Bottom = 1
        Visible = False
      end
      object prTxVLineObj7: TprTxVLineObj
        dRec.DefVersion = 0
        dRec.Versions = <
          item
            Visible = True
          end>
        dRec.Left = 95
        dRec.Top = 0
        dRec.Right = 96
        dRec.Bottom = 1
        Visible = False
      end
      object prTxMemoObj23: TprTxMemoObj
        dRec.DefVersion = 0
        dRec.Versions = <
          item
            Visible = True
            Memo.Strings = (
              '[:<#,#0>IBQuery.COSTAS]')
            DeleteEmptyLinesAtEnd = False
            DeleteEmptyLines = False
            CanResizeX = False
            CanResizeY = False
            hAlign = prhRight
            vAlign = prvCenter
            DefaultFont = False
            WordWrap = False
          end>
        dRec.Left = 96
        dRec.Top = 0
        dRec.Right = 111
        dRec.Bottom = 1
        Visible = False
      end
      object prTxMemoObj27: TprTxMemoObj
        dRec.DefVersion = 0
        dRec.Versions = <
          item
            Visible = True
            Memo.Strings = (
              '[IBQuery.DESCRIPCION]')
            DeleteEmptyLinesAtEnd = False
            DeleteEmptyLines = False
            CanResizeX = False
            CanResizeY = False
            hAlign = prhLeft
            vAlign = prvTop
            DefaultFont = False
            WordWrap = False
          end>
        dRec.Left = 112
        dRec.Top = 0
        dRec.Right = 123
        dRec.Bottom = 1
        Visible = False
      end
      object prTxVLineObj14: TprTxVLineObj
        dRec.DefVersion = 0
        dRec.Versions = <
          item
            Visible = True
          end>
        dRec.Left = 111
        dRec.Top = 0
        dRec.Right = 112
        dRec.Bottom = 1
        Visible = False
      end
    end
    object prTxHDetailFooterBand1: TprTxHDetailFooterBand
      Height = 1
      UseVerticalBands = False
      DetailBand = prTxHDetailBand1
      ColCount = 0
      ColDirection = prcdTopBottomLeftRight
      LinkToDetail = False
      object prTxMemoObj13: TprTxMemoObj
        dRec.DefVersion = 0
        dRec.Versions = <
          item
            Visible = True
            Memo.Strings = (
              'TOTALES EN ABOGADO')
            DeleteEmptyLinesAtEnd = False
            DeleteEmptyLines = False
            CanResizeX = False
            CanResizeY = False
            hAlign = prhLeft
            vAlign = prvTop
            DefaultFont = False
            WordWrap = False
          end>
        dRec.Left = 0
        dRec.Top = 0
        dRec.Right = 18
        dRec.Bottom = 1
        Visible = False
      end
      object prTxMemoObj14: TprTxMemoObj
        dRec.DefVersion = 0
        dRec.Versions = <
          item
            Visible = True
            Memo.Strings = (
              '[:<##0>vCantidad]')
            DeleteEmptyLinesAtEnd = False
            DeleteEmptyLines = False
            CanResizeX = False
            CanResizeY = False
            hAlign = prhRight
            vAlign = prvTop
            DefaultFont = False
            WordWrap = False
          end>
        dRec.Left = 60
        dRec.Top = 0
        dRec.Right = 64
        dRec.Bottom = 1
        Visible = False
      end
      object prTxMemoObj15: TprTxMemoObj
        dRec.DefVersion = 0
        dRec.Versions = <
          item
            Visible = True
            Memo.Strings = (
              '[:<$#,#0>vTotal]')
            DeleteEmptyLinesAtEnd = False
            DeleteEmptyLines = False
            CanResizeX = False
            CanResizeY = False
            hAlign = prhRight
            vAlign = prvTop
            DefaultFont = False
            WordWrap = False
          end>
        dRec.Left = 80
        dRec.Top = 0
        dRec.Right = 95
        dRec.Bottom = 1
        Visible = False
      end
      object prTxMemoObj25: TprTxMemoObj
        dRec.DefVersion = 0
        dRec.Versions = <
          item
            Visible = True
            Memo.Strings = (
              '[:<$#,#0>vTotalCostas]')
            DeleteEmptyLinesAtEnd = False
            DeleteEmptyLines = False
            CanResizeX = False
            CanResizeY = False
            hAlign = prhRight
            vAlign = prvCenter
            DefaultFont = False
            WordWrap = False
          end>
        dRec.Left = 96
        dRec.Top = 0
        dRec.Right = 111
        dRec.Bottom = 1
        Visible = False
      end
      object prTxVLineObj11: TprTxVLineObj
        dRec.DefVersion = 0
        dRec.Versions = <
          item
            Visible = True
          end>
        dRec.Left = 79
        dRec.Top = 0
        dRec.Right = 80
        dRec.Bottom = 1
        Visible = False
      end
      object prTxVLineObj12: TprTxVLineObj
        dRec.DefVersion = 0
        dRec.Versions = <
          item
            Visible = True
          end>
        dRec.Left = 95
        dRec.Top = 0
        dRec.Right = 96
        dRec.Bottom = 1
        Visible = False
      end
    end
    object prTxHGroupFooterBand1: TprTxHGroupFooterBand
      Height = 3
      UseVerticalBands = False
      Group = gAbogado
      ColCount = 0
      ColDirection = prcdTopBottomLeftRight
      LinkToDetail = False
      object prTxMemoObj9: TprTxMemoObj
        dRec.DefVersion = 0
        dRec.Versions = <
          item
            Visible = True
            Memo.Strings = (
              'TOTALES ABOGADO:')
            DeleteEmptyLinesAtEnd = False
            DeleteEmptyLines = False
            CanResizeX = False
            CanResizeY = False
            hAlign = prhLeft
            vAlign = prvTop
            DefaultFont = False
            WordWrap = False
          end>
        dRec.Left = 0
        dRec.Top = 1
        dRec.Right = 16
        dRec.Bottom = 2
        Visible = False
      end
      object prTxMemoObj10: TprTxMemoObj
        dRec.DefVersion = 0
        dRec.Versions = <
          item
            Visible = True
            Memo.Strings = (
              '[IBQuery.NOMBRE]')
            DeleteEmptyLinesAtEnd = False
            DeleteEmptyLines = False
            CanResizeX = False
            CanResizeY = False
            hAlign = prhLeft
            vAlign = prvTop
            DefaultFont = False
            WordWrap = False
          end>
        dRec.Left = 16
        dRec.Top = 1
        dRec.Right = 59
        dRec.Bottom = 2
        Visible = False
      end
      object prTxMemoObj11: TprTxMemoObj
        dRec.DefVersion = 0
        dRec.Versions = <
          item
            Visible = True
            Memo.Strings = (
              '[:<##0>vCantidadAbogado]')
            DeleteEmptyLinesAtEnd = False
            DeleteEmptyLines = False
            CanResizeX = False
            CanResizeY = False
            hAlign = prhRight
            vAlign = prvTop
            DefaultFont = False
            WordWrap = False
          end>
        dRec.Left = 60
        dRec.Top = 1
        dRec.Right = 64
        dRec.Bottom = 2
        Visible = False
      end
      object prTxMemoObj12: TprTxMemoObj
        dRec.DefVersion = 0
        dRec.Versions = <
          item
            Visible = True
            Memo.Strings = (
              '[:<$#,#0>vTotalAbogado]')
            DeleteEmptyLinesAtEnd = False
            DeleteEmptyLines = False
            CanResizeX = False
            CanResizeY = False
            hAlign = prhRight
            vAlign = prvTop
            DefaultFont = False
            WordWrap = False
          end>
        dRec.Left = 80
        dRec.Top = 1
        dRec.Right = 95
        dRec.Bottom = 2
        Visible = False
      end
      object prTxHLineObj3: TprTxHLineObj
        dRec.DefVersion = 0
        dRec.Versions = <
          item
            Visible = True
          end>
        dRec.Left = 0
        dRec.Top = 0
        dRec.Right = 123
        dRec.Bottom = 1
        Visible = False
      end
      object prTxHLineObj5: TprTxHLineObj
        dRec.DefVersion = 0
        dRec.Versions = <
          item
            Visible = True
          end>
        dRec.Left = 0
        dRec.Top = 2
        dRec.Right = 123
        dRec.Bottom = 3
        Visible = False
      end
      object prTxMemoObj24: TprTxMemoObj
        dRec.DefVersion = 0
        dRec.Versions = <
          item
            Visible = True
            Memo.Strings = (
              '[:<$#,#0>vTotalCostasAbogado]')
            DeleteEmptyLinesAtEnd = False
            DeleteEmptyLines = False
            CanResizeX = False
            CanResizeY = False
            hAlign = prhRight
            vAlign = prvTop
            DefaultFont = False
            WordWrap = False
          end>
        dRec.Left = 96
        dRec.Top = 1
        dRec.Right = 111
        dRec.Bottom = 2
        Visible = False
      end
      object prTxVLineObj9: TprTxVLineObj
        dRec.DefVersion = 0
        dRec.Versions = <
          item
            Visible = True
          end>
        dRec.Left = 79
        dRec.Top = 1
        dRec.Right = 80
        dRec.Bottom = 2
        Visible = False
      end
      object prTxVLineObj10: TprTxVLineObj
        dRec.DefVersion = 0
        dRec.Versions = <
          item
            Visible = True
          end>
        dRec.Left = 95
        dRec.Top = 1
        dRec.Right = 96
        dRec.Bottom = 2
        Visible = False
      end
    end
  end
  object gAbogado: TprGroup
    Valid = 'IBQuery.ID_ABOGADO'
    DetailBand = prTxHDetailBand1
  end
end
