object TprTxReport
  ShowProgress = True
  FromPage = 138
  ToPage = 147
  PrintPagesMode = ppmPagesRange
  Title = 'Informe Diario de Cartera'
  ExportFromPage = 0
  ExportToPage = 0
  Values = <
    item
      Group = LINEA
      Name = 'TNo'
      AggFunction = prafCount
      Formula = 'IBQuery2.ID_SOLICITUD'
      ResetOn = rvtReport
      CalcOn = cvtDataSetNext
      DataSetName = 'IBQuery2'
    end
    item
      Group = LINEA
      Name = 'TTotal'
      AggFunction = prafSum
      Formula = 'IBQuery2.VALOR'
      ResetOn = rvtReport
      CalcOn = cvtDataSetNext
      DataSetName = 'IBQuery2'
    end
    item
      Group = LINEA
      Name = 'TNoG'
      AggFunction = prafCount
      Formula = 'IBQuery2.ID_SOLICITUD'
      ResetOn = rvtGroup
      CalcOn = cvtDataSetNext
      DataSetName = 'IBQuery2'
    end
    item
      Group = LINEA
      Name = 'TTotalG'
      AggFunction = prafSum
      Formula = 'IBQuery2.VALOR'
      ResetOn = rvtGroup
      CalcOn = cvtDataSetNext
      DataSetName = 'IBQuery2'
    end>
  Variables = <
    item
      Name = 'Empresa'
      ValueType = 'prvvtString'
      Value = ''
    end
    item
      Name = 'Hoy'
      ValueType = 'prvvtString'
      Value = ''
    end
    item
      Name = 'empleado'
      ValueType = 'prvvtString'
      Value = ''
    end
    item
      Name = 'usuario'
      ValueType = 'prvvtString'
      Value = ''
    end
    item
      Name = 'FechaInforme'
      ValueType = 'prvvtString'
      Value = ''
    end
    item
      Name = 'Nit'
      ValueType = 'prvvtString'
      Value = ''
    end>
  PrinterName = 'Epson FX-2180'
  ESCModelName = 'Epson printers'
  WrapAfterColumn = 0
  EjectPageAfterPrint = False
  LinesOnPage = 0
  FromLine = 0
  ToLine = 0
  ExportFromLine = 0
  ExportToLine = 0
  Left = 110
  Top = 424
  SystemInfo = (
    'OS: WIN32_NT 5.1.2600 Service Pack 2'
    ''
    'PageSize: 4096'
    'ActiveProcessorMask: $1000'
    'NumberOfProcessors: 2'
    'ProcessorType: 586'
    ''
    'Compiler version: Delphi6'
    'PReport version: 1.9.4')
  object prTxPage1: TprTxPage
    PageType = tptPage
    LineNum = 60
    ColNum = 132
    object prTxHPageHeaderBand1: TprTxHPageHeaderBand
      Height = 3
      UseVerticalBands = False
      PrintOnFirstPage = True
      object prTxMemoObj30: TprTxMemoObj
        dRec.DefVersion = 0
        dRec.Versions = <
          item
            Visible = True
            Memo.Strings = (
              'Impreso : [:<yyyy/mm/dd>Hoy]')
            DeleteEmptyLinesAtEnd = False
            DeleteEmptyLines = False
            CanResizeX = False
            CanResizeY = False
            hAlign = prhLeft
            vAlign = prvTop
            DefaultFont = False
            WordWrap = False
          end>
        dRec.Left = 1
        dRec.Top = 2
        dRec.Right = 24
        dRec.Bottom = 3
        Visible = False
      end
      object prTxMemoObj32: TprTxMemoObj
        dRec.DefVersion = 0
        dRec.Versions = <
          item
            Visible = True
            Memo.Strings = (
              'INFORME DE SOLICITUDES DILIGENCIADAS RECURSOS BANCOLDEX')
            DeleteEmptyLinesAtEnd = False
            DeleteEmptyLines = False
            CanResizeX = False
            CanResizeY = False
            hAlign = prhCenter
            vAlign = prvCenter
            DefaultFont = False
            WordWrap = False
          end>
        dRec.Left = 24
        dRec.Top = 2
        dRec.Right = 121
        dRec.Bottom = 3
        Visible = False
      end
      object prTxMemoObj79: TprTxMemoObj
        dRec.DefVersion = 0
        dRec.Versions = <
          item
            Visible = True
            Memo.Strings = (
              'P'#225'gina [Page] de [PagesCount]')
            DeleteEmptyLinesAtEnd = False
            DeleteEmptyLines = False
            CanResizeX = False
            CanResizeY = False
            hAlign = prhRight
            vAlign = prvCenter
            DefaultFont = False
            WordWrap = False
          end>
        dRec.Left = 121
        dRec.Top = 2
        dRec.Right = 140
        dRec.Bottom = 3
        Visible = False
      end
      object prTxCommandObj2: TprTxCommandObj
        dRec.DefVersion = 0
        dRec.Versions = <
          item
            Visible = True
            TxCommands = (
              txcWideOff
              txcCondensedOn)
          end>
        dRec.Left = 0
        dRec.Top = 0
        dRec.Right = 1
        dRec.Bottom = 1
        Visible = False
      end
      object prTxMemoObj1: TprTxMemoObj
        dRec.DefVersion = 0
        dRec.Versions = <
          item
            Visible = True
            Memo.Strings = (
              '[Empresa]'
              'Nit. [Nit]')
            DeleteEmptyLinesAtEnd = False
            DeleteEmptyLines = False
            CanResizeX = False
            CanResizeY = False
            hAlign = prhCenter
            vAlign = prvCenter
            DefaultFont = False
            WordWrap = False
          end>
        dRec.Left = 1
        dRec.Top = 0
        dRec.Right = 140
        dRec.Bottom = 2
        Visible = False
      end
    end
    object prTxHDetailHeaderBand1: TprTxHDetailHeaderBand
      Height = 3
      UseVerticalBands = False
      DetailBand = prTxHDetailBand1
      ColCount = 0
      ColDirection = prcdTopBottomLeftRight
      ReprintOnEachPage = True
      LinkToDetail = False
      object prTxMemoObj2: TprTxMemoObj
        dRec.DefVersion = 0
        dRec.Versions = <
          item
            Visible = True
            Memo.Strings = (
              'SOLICITUD')
            DeleteEmptyLinesAtEnd = False
            DeleteEmptyLines = False
            CanResizeX = False
            CanResizeY = False
            hAlign = prhCenter
            vAlign = prvTop
            DefaultFont = False
            WordWrap = False
          end>
        dRec.Left = 1
        dRec.Top = 1
        dRec.Right = 12
        dRec.Bottom = 2
        Visible = False
      end
      object prTxMemoObj3: TprTxMemoObj
        dRec.DefVersion = 0
        dRec.Versions = <
          item
            Visible = True
            Memo.Strings = (
              '|')
            DeleteEmptyLinesAtEnd = False
            DeleteEmptyLines = False
            CanResizeX = False
            CanResizeY = False
            hAlign = prhLeft
            vAlign = prvTop
            DefaultFont = False
            WordWrap = False
          end>
        dRec.Left = 12
        dRec.Top = 1
        dRec.Right = 13
        dRec.Bottom = 2
        Visible = False
      end
      object prTxMemoObj63: TprTxMemoObj
        dRec.DefVersion = 0
        dRec.Versions = <
          item
            Visible = True
            Memo.Strings = (
              '')
            DeleteEmptyLinesAtEnd = False
            DeleteEmptyLines = False
            CanResizeX = False
            CanResizeY = False
            hAlign = prhLeft
            vAlign = prvTop
            DefaultFont = False
            WordWrap = False
          end>
        dRec.Left = -1
        dRec.Top = 1
        dRec.Right = 1
        dRec.Bottom = 2
        Visible = False
      end
      object prTxMemoObj35: TprTxMemoObj
        dRec.DefVersion = 0
        dRec.Versions = <
          item
            Visible = True
            Memo.Strings = (
              'DOCUMENTO')
            DeleteEmptyLinesAtEnd = False
            DeleteEmptyLines = False
            CanResizeX = False
            CanResizeY = False
            hAlign = prhCenter
            vAlign = prvCenter
            DefaultFont = False
            WordWrap = False
          end>
        dRec.Left = 13
        dRec.Top = 1
        dRec.Right = 23
        dRec.Bottom = 2
        Visible = False
      end
      object prTxMemoObj8: TprTxMemoObj
        dRec.DefVersion = 0
        dRec.Versions = <
          item
            Visible = True
            Memo.Strings = (
              '|')
            DeleteEmptyLinesAtEnd = False
            DeleteEmptyLines = False
            CanResizeX = False
            CanResizeY = False
            hAlign = prhLeft
            vAlign = prvTop
            DefaultFont = False
            WordWrap = False
          end>
        dRec.Left = 23
        dRec.Top = 1
        dRec.Right = 24
        dRec.Bottom = 2
        Visible = False
      end
      object prTxMemoObj9: TprTxMemoObj
        dRec.DefVersion = 0
        dRec.Versions = <
          item
            Visible = True
            Memo.Strings = (
              'ASOCIADO')
            DeleteEmptyLinesAtEnd = False
            DeleteEmptyLines = False
            CanResizeX = False
            CanResizeY = False
            hAlign = prhCenter
            vAlign = prvCenter
            DefaultFont = False
            WordWrap = False
          end>
        dRec.Left = 24
        dRec.Top = 1
        dRec.Right = 59
        dRec.Bottom = 2
        Visible = False
      end
      object prTxHLineObj1: TprTxHLineObj
        dRec.DefVersion = 0
        dRec.Versions = <
          item
            Visible = True
          end>
        dRec.Left = 1
        dRec.Top = 0
        dRec.Right = 140
        dRec.Bottom = 1
        Visible = False
      end
      object prTxHLineObj2: TprTxHLineObj
        dRec.DefVersion = 0
        dRec.Versions = <
          item
            Visible = True
          end>
        dRec.Left = 1
        dRec.Top = 2
        dRec.Right = 140
        dRec.Bottom = 3
        Visible = False
      end
      object prTxMemoObj6: TprTxMemoObj
        dRec.DefVersion = 0
        dRec.Versions = <
          item
            Visible = True
            Memo.Strings = (
              '|')
            DeleteEmptyLinesAtEnd = False
            DeleteEmptyLines = False
            CanResizeX = False
            CanResizeY = False
            hAlign = prhLeft
            vAlign = prvTop
            DefaultFont = False
            WordWrap = False
          end>
        dRec.Left = 59
        dRec.Top = 1
        dRec.Right = 60
        dRec.Bottom = 2
        Visible = False
      end
      object prTxMemoObj7: TprTxMemoObj
        dRec.DefVersion = 0
        dRec.Versions = <
          item
            Visible = True
            Memo.Strings = (
              'VALOR')
            DeleteEmptyLinesAtEnd = False
            DeleteEmptyLines = False
            CanResizeX = False
            CanResizeY = False
            hAlign = prhCenter
            vAlign = prvCenter
            DefaultFont = False
            WordWrap = False
          end>
        dRec.Left = 60
        dRec.Top = 1
        dRec.Right = 81
        dRec.Bottom = 2
        Visible = False
      end
      object prTxMemoObj11: TprTxMemoObj
        dRec.DefVersion = 0
        dRec.Versions = <
          item
            Visible = True
            Memo.Strings = (
              '|')
            DeleteEmptyLinesAtEnd = False
            DeleteEmptyLines = False
            CanResizeX = False
            CanResizeY = False
            hAlign = prhLeft
            vAlign = prvTop
            DefaultFont = False
            WordWrap = False
          end>
        dRec.Left = 81
        dRec.Top = 1
        dRec.Right = 82
        dRec.Bottom = 2
        Visible = False
      end
      object prTxMemoObj47: TprTxMemoObj
        dRec.DefVersion = 0
        dRec.Versions = <
          item
            Visible = True
            Memo.Strings = (
              'ESTADO')
            DeleteEmptyLinesAtEnd = False
            DeleteEmptyLines = False
            CanResizeX = False
            CanResizeY = False
            hAlign = prhCenter
            vAlign = prvCenter
            DefaultFont = False
            WordWrap = False
          end>
        dRec.Left = 82
        dRec.Top = 1
        dRec.Right = 99
        dRec.Bottom = 2
        Visible = False
      end
      object prTxMemoObj14: TprTxMemoObj
        dRec.DefVersion = 0
        dRec.Versions = <
          item
            Visible = True
            Memo.Strings = (
              '|')
            DeleteEmptyLinesAtEnd = False
            DeleteEmptyLines = False
            CanResizeX = False
            CanResizeY = False
            hAlign = prhLeft
            vAlign = prvTop
            DefaultFont = False
            WordWrap = False
          end>
        dRec.Left = 99
        dRec.Top = 1
        dRec.Right = 100
        dRec.Bottom = 2
        Visible = False
      end
      object prTxMemoObj19: TprTxMemoObj
        dRec.DefVersion = 0
        dRec.Versions = <
          item
            Visible = True
            Memo.Strings = (
              'ANALISTA')
            DeleteEmptyLinesAtEnd = False
            DeleteEmptyLines = False
            CanResizeX = False
            CanResizeY = False
            hAlign = prhCenter
            vAlign = prvCenter
            DefaultFont = False
            WordWrap = False
          end>
        dRec.Left = 100
        dRec.Top = 1
        dRec.Right = 125
        dRec.Bottom = 2
        Visible = False
      end
    end
    object prTxHDetailBand1: TprTxHDetailBand
      Height = 1
      UseVerticalBands = False
      DataSetName = 'IBQuery2'
      ColCount = 1
      ColDirection = prcdTopBottomLeftRight
      Groups = (
        'LINEA')
      Bands = (
        'prTxHDetailHeaderBand1'
        'prTxHDetailFooterBand1')
      object prTxMemoObj18: TprTxMemoObj
        dRec.DefVersion = 0
        dRec.Versions = <
          item
            Visible = True
            Memo.Strings = (
              '[IBQuery2.ID_SOLICITUD]')
            DeleteEmptyLinesAtEnd = False
            DeleteEmptyLines = False
            CanResizeX = False
            CanResizeY = False
            hAlign = prhLeft
            vAlign = prvTop
            DefaultFont = False
            WordWrap = False
          end>
        dRec.Left = 1
        dRec.Top = 0
        dRec.Right = 12
        dRec.Bottom = 1
        Visible = False
      end
      object prTxMemoObj13: TprTxMemoObj
        dRec.DefVersion = 0
        dRec.Versions = <
          item
            Visible = True
            Memo.Strings = (
              '|')
            DeleteEmptyLinesAtEnd = False
            DeleteEmptyLines = False
            CanResizeX = False
            CanResizeY = False
            hAlign = prhLeft
            vAlign = prvTop
            DefaultFont = False
            WordWrap = False
          end>
        dRec.Left = 12
        dRec.Top = 0
        dRec.Right = 13
        dRec.Bottom = 1
        Visible = False
      end
      object prTxMemoObj12: TprTxMemoObj
        dRec.DefVersion = 0
        dRec.Versions = <
          item
            Visible = True
            Memo.Strings = (
              '[IBQuery2.ID_PERSONA]')
            DeleteEmptyLinesAtEnd = False
            DeleteEmptyLines = False
            CanResizeX = False
            CanResizeY = False
            hAlign = prhLeft
            vAlign = prvTop
            DefaultFont = False
            WordWrap = False
          end>
        dRec.Left = 13
        dRec.Top = 0
        dRec.Right = 23
        dRec.Bottom = 1
        Visible = False
      end
      object prTxMemoObj22: TprTxMemoObj
        dRec.DefVersion = 0
        dRec.Versions = <
          item
            Visible = True
            Memo.Strings = (
              '|')
            DeleteEmptyLinesAtEnd = False
            DeleteEmptyLines = False
            CanResizeX = False
            CanResizeY = False
            hAlign = prhLeft
            vAlign = prvTop
            DefaultFont = False
            WordWrap = False
          end>
        dRec.Left = 23
        dRec.Top = 0
        dRec.Right = 24
        dRec.Bottom = 1
        Visible = False
      end
      object prTxMemoObj23: TprTxMemoObj
        dRec.DefVersion = 0
        dRec.Versions = <
          item
            Visible = True
            Memo.Strings = (
              '[IBQuery2.ASOCIADO]')
            DeleteEmptyLinesAtEnd = False
            DeleteEmptyLines = False
            CanResizeX = False
            CanResizeY = False
            hAlign = prhLeft
            vAlign = prvCenter
            DefaultFont = False
            WordWrap = False
          end>
        dRec.Left = 24
        dRec.Top = 0
        dRec.Right = 59
        dRec.Bottom = 1
        Visible = False
      end
      object prTxMemoObj4: TprTxMemoObj
        dRec.DefVersion = 0
        dRec.Versions = <
          item
            Visible = True
            Memo.Strings = (
              '|')
            DeleteEmptyLinesAtEnd = False
            DeleteEmptyLines = False
            CanResizeX = False
            CanResizeY = False
            hAlign = prhLeft
            vAlign = prvTop
            DefaultFont = False
            WordWrap = False
          end>
        dRec.Left = 59
        dRec.Top = 0
        dRec.Right = 60
        dRec.Bottom = 1
        Visible = False
      end
      object prTxMemoObj10: TprTxMemoObj
        dRec.DefVersion = 0
        dRec.Versions = <
          item
            Visible = True
            Memo.Strings = (
              '[:<#,#0>IBQuery2.VALOR]')
            DeleteEmptyLinesAtEnd = False
            DeleteEmptyLines = False
            CanResizeX = False
            CanResizeY = False
            hAlign = prhRight
            vAlign = prvTop
            DefaultFont = False
            WordWrap = False
          end>
        dRec.Left = 60
        dRec.Top = 0
        dRec.Right = 81
        dRec.Bottom = 1
        Visible = False
      end
      object prTxMemoObj15: TprTxMemoObj
        dRec.DefVersion = 0
        dRec.Versions = <
          item
            Visible = True
            Memo.Strings = (
              '|')
            DeleteEmptyLinesAtEnd = False
            DeleteEmptyLines = False
            CanResizeX = False
            CanResizeY = False
            hAlign = prhLeft
            vAlign = prvTop
            DefaultFont = False
            WordWrap = False
          end>
        dRec.Left = 81
        dRec.Top = 0
        dRec.Right = 82
        dRec.Bottom = 1
        Visible = False
      end
      object prTxMemoObj48: TprTxMemoObj
        dRec.DefVersion = 0
        dRec.Versions = <
          item
            Visible = True
            Memo.Strings = (
              '[IBQuery2.DES_ESTADO]')
            DeleteEmptyLinesAtEnd = False
            DeleteEmptyLines = False
            CanResizeX = False
            CanResizeY = False
            hAlign = prhLeft
            vAlign = prvTop
            DefaultFont = False
            WordWrap = False
          end>
        dRec.Left = 82
        dRec.Top = 0
        dRec.Right = 99
        dRec.Bottom = 1
        Visible = False
      end
      object prTxMemoObj17: TprTxMemoObj
        dRec.DefVersion = 0
        dRec.Versions = <
          item
            Visible = True
            Memo.Strings = (
              '|')
            DeleteEmptyLinesAtEnd = False
            DeleteEmptyLines = False
            CanResizeX = False
            CanResizeY = False
            hAlign = prhLeft
            vAlign = prvTop
            DefaultFont = False
            WordWrap = False
          end>
        dRec.Left = 99
        dRec.Top = 0
        dRec.Right = 100
        dRec.Bottom = 1
        Visible = False
      end
      object prTxMemoObj20: TprTxMemoObj
        dRec.DefVersion = 0
        dRec.Versions = <
          item
            Visible = True
            Memo.Strings = (
              '[IBQuery2.ANALISTA]')
            DeleteEmptyLinesAtEnd = False
            DeleteEmptyLines = False
            CanResizeX = False
            CanResizeY = False
            hAlign = prhLeft
            vAlign = prvTop
            DefaultFont = False
            WordWrap = False
          end>
        dRec.Left = 100
        dRec.Top = 0
        dRec.Right = 125
        dRec.Bottom = 1
        Visible = False
      end
    end
    object prTxHDetailFooterBand1: TprTxHDetailFooterBand
      Height = 4
      UseVerticalBands = False
      DetailBand = prTxHDetailBand1
      ColCount = 1
      ColDirection = prcdTopBottomLeftRight
      LinkToDetail = False
      object prTxHLineObj3: TprTxHLineObj
        dRec.DefVersion = 0
        dRec.Versions = <
          item
            Visible = True
          end>
        dRec.Left = 1
        dRec.Top = 0
        dRec.Right = 140
        dRec.Bottom = 1
        Visible = False
      end
      object prTxMemoObj16: TprTxMemoObj
        dRec.DefVersion = 0
        dRec.Versions = <
          item
            Visible = True
            Memo.Strings = (
              'Elabor'#243' :  [empleado]')
            DeleteEmptyLinesAtEnd = False
            DeleteEmptyLines = False
            CanResizeX = False
            CanResizeY = False
            hAlign = prhLeft
            vAlign = prvTop
            DefaultFont = False
            WordWrap = False
          end>
        dRec.Left = 1
        dRec.Top = 3
        dRec.Right = 45
        dRec.Bottom = 4
        Visible = False
      end
      object prTxMemoObj51: TprTxMemoObj
        dRec.DefVersion = 0
        dRec.Versions = <
          item
            Visible = True
            Memo.Strings = (
              'TOTALES : [TNo]'
              '')
            DeleteEmptyLinesAtEnd = False
            DeleteEmptyLines = False
            CanResizeX = False
            CanResizeY = False
            hAlign = prhLeft
            vAlign = prvTop
            DefaultFont = False
            WordWrap = False
          end>
        dRec.Left = 1
        dRec.Top = 1
        dRec.Right = 27
        dRec.Bottom = 2
        Visible = False
      end
      object prTxMemoObj53: TprTxMemoObj
        dRec.DefVersion = 0
        dRec.Versions = <
          item
            Visible = True
            Memo.Strings = (
              '[:<#,#0>TTotal]')
            DeleteEmptyLinesAtEnd = False
            DeleteEmptyLines = False
            CanResizeX = False
            CanResizeY = False
            hAlign = prhRight
            vAlign = prvCenter
            DefaultFont = False
            WordWrap = False
          end>
        dRec.Left = 67
        dRec.Top = 1
        dRec.Right = 81
        dRec.Bottom = 2
        Visible = False
      end
    end
    object prTxHGroupHeaderBand1: TprTxHGroupHeaderBand
      Height = 1
      UseVerticalBands = False
      Group = LINEA
      ColCount = 0
      ColDirection = prcdTopBottomLeftRight
      LinkToDetail = False
      StartNewPage = False
      ReprintOnEachPage = False
      object prTxMemoObj49: TprTxMemoObj
        dRec.DefVersion = 0
        dRec.Versions = <
          item
            Visible = True
            Memo.Strings = (
              'LINEA : [IBQuery2.LINEA]')
            DeleteEmptyLinesAtEnd = False
            DeleteEmptyLines = False
            CanResizeX = False
            CanResizeY = False
            hAlign = prhLeft
            vAlign = prvCenter
            DefaultFont = False
            WordWrap = False
          end>
        dRec.Left = 1
        dRec.Top = 0
        dRec.Right = 26
        dRec.Bottom = 1
        Visible = False
      end
      object prTxMemoObj26: TprTxMemoObj
        dRec.DefVersion = 0
        dRec.Versions = <
          item
            Visible = True
            Memo.Strings = (
              'OBLIGACION : [IBQuery2.OBLIGACION]')
            DeleteEmptyLinesAtEnd = False
            DeleteEmptyLines = False
            CanResizeX = False
            CanResizeY = False
            hAlign = prhLeft
            vAlign = prvTop
            DefaultFont = False
            WordWrap = False
          end>
        dRec.Left = 27
        dRec.Top = 0
        dRec.Right = 66
        dRec.Bottom = 1
        Visible = False
      end
    end
    object prTxHGroupFooterBand1: TprTxHGroupFooterBand
      Height = 1
      UseVerticalBands = False
      Group = LINEA
      ColCount = 0
      ColDirection = prcdTopBottomLeftRight
      LinkToDetail = False
      object prTxMemoObj5: TprTxMemoObj
        dRec.DefVersion = 0
        dRec.Versions = <
          item
            Visible = True
            Memo.Strings = (
              'SUBTOTALES : [TNoG]')
            DeleteEmptyLinesAtEnd = False
            DeleteEmptyLines = False
            CanResizeX = False
            CanResizeY = False
            hAlign = prhLeft
            vAlign = prvTop
            DefaultFont = False
            WordWrap = False
            TxFontStyleEx = tfsPica
          end>
        dRec.Left = 1
        dRec.Top = 0
        dRec.Right = 27
        dRec.Bottom = 1
        Visible = False
      end
      object prTxMemoObj50: TprTxMemoObj
        dRec.DefVersion = 0
        dRec.Versions = <
          item
            Visible = True
            Memo.Strings = (
              '[:<#,#0>TTotalG]')
            DeleteEmptyLinesAtEnd = False
            DeleteEmptyLines = False
            CanResizeX = False
            CanResizeY = False
            hAlign = prhRight
            vAlign = prvCenter
            DefaultFont = False
            WordWrap = False
            TxFontStyleEx = tfsPica
          end>
        dRec.Left = 67
        dRec.Top = 0
        dRec.Right = 81
        dRec.Bottom = 1
        Visible = False
      end
    end
  end
  object LINEA: TprGroup
    Valid = 'IBQuery2.OBLIGACION'
    DetailBand = prTxHDetailBand1
  end
end
