object TprTxReport
  ShowProgress = True
  FromPage = 1
  ToPage = 1
  Title = 'Informe Control de Cobro'
  ExportFromPage = 0
  ExportToPage = 0
  Values = <
    item
      Name = 'TNoDesembolsos'
      AggFunction = prafCount
      Formula = 'IBTabla.ID_COLOCACION'
      ResetOn = rvtReport
      CalcOn = cvtDataSetNext
      DataSetName = 'IBTabla'
    end
    item
      Name = 'TotalDesembolsos'
      AggFunction = prafSum
      Formula = 'IBTabla.VALOR_DESEMBOLSO'
      ResetOn = rvtReport
      CalcOn = cvtDataSetNext
      DataSetName = 'IBTabla'
      Accumulate = True
    end
    item
      Name = 'TotalCartera'
      AggFunction = prafSum
      Formula = 'IBTabla.SALDO'
      ResetOn = rvtReport
      CalcOn = cvtDataSetNext
      DataSetName = 'IBTabla'
    end>
  Variables = <
    item
      Name = 'Empresa'
      ValueType = 'prvvtString'
      Value = ''
    end
    item
      Name = 'Empleado'
      ValueType = 'prvvtString'
      Value = ''
    end
    item
      Name = 'Nit'
      ValueType = 'prvvtString'
      Value = ''
    end
    item
      Name = 'MoraI'
      ValueType = 'prvvtString'
      Value = ''
    end
    item
      Name = 'Agencia'
      ValueType = 'prvvtString'
      Value = ''
    end
    item
      Name = 'FechaEvaluarI'
      ValueType = 'prvvtDateTime'
      Value = 36161d
    end
    item
      Name = 'FechaEvaluarF'
      ValueType = 'prvvtDateTime'
      Value = 36161d
    end>
  PrinterName = 'EPSON FX-1180+ ESC/P'
  WrapAfterColumn = 0
  EjectPageAfterPrint = False
  LinesOnPage = 0
  FromLine = 0
  ToLine = 0
  ExportFromLine = 0
  ExportToLine = 0
  Left = 110
  Top = 424
  SystemInfo = (
    'OS: WIN32_NT 5.1.2600 Service Pack 3'
    ''
    'PageSize: 4096'
    'ActiveProcessorMask: $1000'
    'NumberOfProcessors: 1'
    'ProcessorType: 586'
    ''
    'Compiler version: Delphi6'
    'PReport version: 1.9.4')
  object prTxPage1: TprTxPage
    PageType = tptPage
    LineNum = 60
    ColNum = 236
    object prTxHPageHeaderBand1: TprTxHPageHeaderBand
      Height = 4
      UseVerticalBands = False
      PrintOnFirstPage = True
      object prTxMemoObj1: TprTxMemoObj
        dRec.DefVersion = 0
        dRec.Versions = <
          item
            Visible = True
            Memo.Strings = (
              '[Empresa]')
            DeleteEmptyLinesAtEnd = False
            DeleteEmptyLines = False
            CanResizeX = False
            CanResizeY = False
            hAlign = prhLeft
            vAlign = prvCenter
            DefaultFont = False
            WordWrap = False
          end>
        dRec.Left = 1
        dRec.Top = 0
        dRec.Right = 17
        dRec.Bottom = 1
        Visible = False
      end
      object prTxCommandObj1: TprTxCommandObj
        dRec.DefVersion = 0
        dRec.Versions = <
          item
            Visible = True
            TxCommands = (
              txcCondensedOn)
          end>
        dRec.Left = 0
        dRec.Top = 0
        dRec.Right = 1
        dRec.Bottom = 1
        Visible = False
      end
      object prTxMemoObj30: TprTxMemoObj
        dRec.DefVersion = 0
        dRec.Versions = <
          item
            Visible = True
            Memo.Strings = (
              'Fecha de Impresion :[:<yyyy/mm/dd>StartDateTime]')
            DeleteEmptyLinesAtEnd = False
            DeleteEmptyLines = False
            CanResizeX = True
            CanResizeY = True
            hAlign = prhRight
            vAlign = prvCenter
            DefaultFont = False
            WordWrap = False
          end>
        dRec.Left = 121
        dRec.Top = 2
        dRec.Right = 156
        dRec.Bottom = 3
        Visible = False
      end
      object prTxMemoObj32: TprTxMemoObj
        dRec.DefVersion = 0
        dRec.Versions = <
          item
            Visible = True
            Memo.Strings = (
              'INFORME GENERAL COLOCACIONES CON MORA A PARTIR DE [MoraI] DIAS')
            DeleteEmptyLinesAtEnd = False
            DeleteEmptyLines = False
            CanResizeX = False
            CanResizeY = False
            hAlign = prhCenter
            vAlign = prvCenter
            DefaultFont = False
            WordWrap = False
          end>
        dRec.Left = 39
        dRec.Top = 0
        dRec.Right = 104
        dRec.Bottom = 1
        Visible = False
      end
      object prTxMemoObj31: TprTxMemoObj
        dRec.DefVersion = 0
        dRec.Versions = <
          item
            Visible = True
            Memo.Strings = (
              'Elaboro :  [empleado]')
            DeleteEmptyLinesAtEnd = False
            DeleteEmptyLines = False
            CanResizeX = False
            CanResizeY = False
            hAlign = prhLeft
            vAlign = prvCenter
            DefaultFont = False
            WordWrap = False
          end>
        dRec.Left = 1
        dRec.Top = 3
        dRec.Right = 45
        dRec.Bottom = 4
        Visible = False
      end
      object prTxMemoObj4: TprTxMemoObj
        dRec.DefVersion = 0
        dRec.Versions = <
          item
            Visible = True
            Memo.Strings = (
              'AGENCIA : [Agencia]')
            DeleteEmptyLinesAtEnd = False
            DeleteEmptyLines = False
            CanResizeX = False
            CanResizeY = False
            hAlign = prhLeft
            vAlign = prvCenter
            DefaultFont = False
            WordWrap = False
          end>
        dRec.Left = 1
        dRec.Top = 2
        dRec.Right = 23
        dRec.Bottom = 3
        Visible = False
      end
      object prTxMemoObj27: TprTxMemoObj
        dRec.DefVersion = 0
        dRec.Versions = <
          item
            Visible = True
            Memo.Strings = (
              'Nit. [Nit]')
            DeleteEmptyLinesAtEnd = False
            DeleteEmptyLines = False
            CanResizeX = False
            CanResizeY = False
            hAlign = prhLeft
            vAlign = prvCenter
            DefaultFont = False
            WordWrap = False
          end>
        dRec.Left = 18
        dRec.Top = 0
        dRec.Right = 38
        dRec.Bottom = 1
        Visible = False
      end
      object prTxMemoObj28: TprTxMemoObj
        dRec.DefVersion = 0
        dRec.Versions = <
          item
            Visible = True
            Memo.Strings = (
              'Pagina [Page] de [PagesCount]')
            DeleteEmptyLinesAtEnd = False
            DeleteEmptyLines = False
            CanResizeX = False
            CanResizeY = False
            hAlign = prhLeft
            vAlign = prvTop
            DefaultFont = False
            WordWrap = False
          end>
        dRec.Left = 130
        dRec.Top = 0
        dRec.Right = 158
        dRec.Bottom = 1
        Visible = False
      end
      object prTxMemoObj29: TprTxMemoObj
        dRec.DefVersion = 0
        dRec.Versions = <
          item
            Visible = True
            Memo.Strings = (
              
                '----------------------------------------------------------------' +
                '----------------------------------------------------------------' +
                '----------------------------------------------------------------' +
                '---------------------------------------')
            DeleteEmptyLinesAtEnd = False
            DeleteEmptyLines = False
            CanResizeX = False
            CanResizeY = False
            hAlign = prhLeft
            vAlign = prvTop
            DefaultFont = False
            WordWrap = False
          end>
        dRec.Left = 1
        dRec.Top = 1
        dRec.Right = 160
        dRec.Bottom = 2
        Visible = False
      end
      object prTxMemoObj16: TprTxMemoObj
        dRec.DefVersion = 0
        dRec.Versions = <
          item
            Visible = True
            Memo.Strings = (
              'FECHA VENCIMIENTO CUOTA EVALUADA:')
            DeleteEmptyLinesAtEnd = False
            DeleteEmptyLines = False
            CanResizeX = False
            CanResizeY = False
            hAlign = prhLeft
            vAlign = prvTop
            DefaultFont = False
            WordWrap = False
          end>
        dRec.Left = 35
        dRec.Top = 2
        dRec.Right = 68
        dRec.Bottom = 3
        Visible = False
      end
      object prTxMemoObj18: TprTxMemoObj
        dRec.DefVersion = 0
        dRec.Versions = <
          item
            Visible = True
            Memo.Strings = (
              '[FechaEvaluarI]')
            DeleteEmptyLinesAtEnd = False
            DeleteEmptyLines = False
            CanResizeX = False
            CanResizeY = False
            hAlign = prhLeft
            vAlign = prvTop
            DefaultFont = False
            WordWrap = False
          end>
        dRec.Left = 69
        dRec.Top = 2
        dRec.Right = 79
        dRec.Bottom = 3
        Visible = False
      end
      object prTxCommandObj2: TprTxCommandObj
        dRec.DefVersion = 0
        dRec.Versions = <
          item
            Visible = True
            TxCommands = (
              txcCondensedOn)
          end>
        dRec.Left = -8
        dRec.Top = 2
        dRec.Right = 1
        dRec.Bottom = 3
        Visible = False
      end
      object prTxMemoObj20: TprTxMemoObj
        dRec.DefVersion = 0
        dRec.Versions = <
          item
            Visible = True
            Memo.Strings = (
              '[FechaEvaluarF]')
            DeleteEmptyLinesAtEnd = False
            DeleteEmptyLines = False
            CanResizeX = False
            CanResizeY = False
            hAlign = prhLeft
            vAlign = prvTop
            DefaultFont = False
            WordWrap = False
          end>
        dRec.Left = 83
        dRec.Top = 2
        dRec.Right = 93
        dRec.Bottom = 3
        Visible = False
      end
      object prTxMemoObj22: TprTxMemoObj
        dRec.DefVersion = 0
        dRec.Versions = <
          item
            Visible = True
            Memo.Strings = (
              'AL')
            DeleteEmptyLinesAtEnd = False
            DeleteEmptyLines = False
            CanResizeX = False
            CanResizeY = False
            hAlign = prhLeft
            vAlign = prvTop
            DefaultFont = False
            WordWrap = False
          end>
        dRec.Left = 80
        dRec.Top = 2
        dRec.Right = 82
        dRec.Bottom = 3
        Visible = False
      end
    end
    object prTxHDetailHeaderBand1: TprTxHDetailHeaderBand
      Height = 3
      UseVerticalBands = False
      DetailBand = prTxHDetailBand1
      ColCount = 1
      ColDirection = prcdTopBottomLeftRight
      ReprintOnEachPage = True
      LinkToDetail = True
      object prTxMemoObj14: TprTxMemoObj
        dRec.DefVersion = 0
        dRec.Versions = <
          item
            Visible = True
            Memo.Strings = (
              
                '----------------------------------------------------------------' +
                '----------------------------------------------------------------' +
                '----------------------------------------------------------------' +
                '---------------------------------------')
            DeleteEmptyLinesAtEnd = False
            DeleteEmptyLines = False
            CanResizeX = False
            CanResizeY = False
            hAlign = prhLeft
            vAlign = prvTop
            DefaultFont = False
            WordWrap = False
          end>
        dRec.Left = 1
        dRec.Top = 0
        dRec.Right = 160
        dRec.Bottom = 1
        Visible = False
      end
      object prTxMemoObj15: TprTxMemoObj
        dRec.DefVersion = 0
        dRec.Versions = <
          item
            Visible = True
            Memo.Strings = (
              
                '----------------------------------------------------------------' +
                '----------------------------------------------------------------' +
                '----------------------------------------------------------------' +
                '---------------------------------------')
            DeleteEmptyLinesAtEnd = False
            DeleteEmptyLines = False
            CanResizeX = False
            CanResizeY = False
            hAlign = prhLeft
            vAlign = prvTop
            DefaultFont = False
            WordWrap = False
          end>
        dRec.Left = 1
        dRec.Top = 2
        dRec.Right = 160
        dRec.Bottom = 3
        Visible = False
      end
      object prTxMemoObj38: TprTxMemoObj
        dRec.DefVersion = 0
        dRec.Versions = <
          item
            Visible = True
            Memo.Strings = (
              '|')
            DeleteEmptyLinesAtEnd = False
            DeleteEmptyLines = False
            CanResizeX = False
            CanResizeY = False
            hAlign = prhLeft
            vAlign = prvTop
            DefaultFont = False
            WordWrap = False
          end>
        dRec.Left = 123
        dRec.Top = 1
        dRec.Right = 124
        dRec.Bottom = 2
        Visible = False
      end
      object prTxMemoObj2: TprTxMemoObj
        dRec.DefVersion = 0
        dRec.Versions = <
          item
            Visible = True
            Memo.Strings = (
              'COLOCACION')
            DeleteEmptyLinesAtEnd = False
            DeleteEmptyLines = False
            CanResizeX = False
            CanResizeY = False
            hAlign = prhCenter
            vAlign = prvTop
            DefaultFont = False
            WordWrap = False
          end>
        dRec.Left = 1
        dRec.Top = 1
        dRec.Right = 14
        dRec.Bottom = 2
        Visible = False
      end
      object prTxMemoObj3: TprTxMemoObj
        dRec.DefVersion = 0
        dRec.Versions = <
          item
            Visible = True
            Memo.Strings = (
              '|')
            DeleteEmptyLinesAtEnd = False
            DeleteEmptyLines = False
            CanResizeX = False
            CanResizeY = False
            hAlign = prhLeft
            vAlign = prvTop
            DefaultFont = False
            WordWrap = False
          end>
        dRec.Left = 27
        dRec.Top = 1
        dRec.Right = 28
        dRec.Bottom = 2
        Visible = False
      end
      object prTxMemoObj51: TprTxMemoObj
        dRec.DefVersion = 0
        dRec.Versions = <
          item
            Visible = True
            Memo.Strings = (
              'NIT/CC')
            DeleteEmptyLinesAtEnd = False
            DeleteEmptyLines = False
            CanResizeX = False
            CanResizeY = False
            hAlign = prhCenter
            vAlign = prvTop
            DefaultFont = False
            WordWrap = False
          end>
        dRec.Left = 28
        dRec.Top = 1
        dRec.Right = 43
        dRec.Bottom = 2
        Visible = False
      end
      object prTxMemoObj53: TprTxMemoObj
        dRec.DefVersion = 0
        dRec.Versions = <
          item
            Visible = True
            Memo.Strings = (
              '|')
            DeleteEmptyLinesAtEnd = False
            DeleteEmptyLines = False
            CanResizeX = False
            CanResizeY = False
            hAlign = prhLeft
            vAlign = prvTop
            DefaultFont = False
            WordWrap = False
          end>
        dRec.Left = 43
        dRec.Top = 1
        dRec.Right = 44
        dRec.Bottom = 2
        Visible = False
      end
      object prTxMemoObj54: TprTxMemoObj
        dRec.DefVersion = 0
        dRec.Versions = <
          item
            Visible = True
            Memo.Strings = (
              'ASOCIADO')
            DeleteEmptyLinesAtEnd = False
            DeleteEmptyLines = False
            CanResizeX = False
            CanResizeY = False
            hAlign = prhCenter
            vAlign = prvCenter
            DefaultFont = False
            WordWrap = False
          end>
        dRec.Left = 44
        dRec.Top = 1
        dRec.Right = 87
        dRec.Bottom = 2
        Visible = False
      end
      object prTxMemoObj55: TprTxMemoObj
        dRec.DefVersion = 0
        dRec.Versions = <
          item
            Visible = True
            Memo.Strings = (
              '|')
            DeleteEmptyLinesAtEnd = False
            DeleteEmptyLines = False
            CanResizeX = False
            CanResizeY = False
            hAlign = prhLeft
            vAlign = prvTop
            DefaultFont = False
            WordWrap = False
          end>
        dRec.Left = 87
        dRec.Top = 1
        dRec.Right = 88
        dRec.Bottom = 2
        Visible = False
      end
      object prTxMemoObj8: TprTxMemoObj
        dRec.DefVersion = 0
        dRec.Versions = <
          item
            Visible = True
            Memo.Strings = (
              'VALOR CUOTA')
            DeleteEmptyLinesAtEnd = False
            DeleteEmptyLines = False
            CanResizeX = False
            CanResizeY = False
            hAlign = prhCenter
            vAlign = prvTop
            DefaultFont = False
            WordWrap = False
          end>
        dRec.Left = 106
        dRec.Top = 1
        dRec.Right = 123
        dRec.Bottom = 2
        Visible = False
      end
      object prTxMemoObj10: TprTxMemoObj
        dRec.DefVersion = 0
        dRec.Versions = <
          item
            Visible = True
            Memo.Strings = (
              'SALDO')
            DeleteEmptyLinesAtEnd = False
            DeleteEmptyLines = False
            CanResizeX = False
            CanResizeY = False
            hAlign = prhCenter
            vAlign = prvTop
            DefaultFont = False
            WordWrap = False
          end>
        dRec.Left = 88
        dRec.Top = 1
        dRec.Right = 105
        dRec.Bottom = 2
        Visible = False
      end
      object prTxMemoObj12: TprTxMemoObj
        dRec.DefVersion = 0
        dRec.Versions = <
          item
            Visible = True
            Memo.Strings = (
              'FECHA VENC.')
            DeleteEmptyLinesAtEnd = False
            DeleteEmptyLines = False
            CanResizeX = False
            CanResizeY = False
            hAlign = prhLeft
            vAlign = prvTop
            DefaultFont = False
            WordWrap = False
          end>
        dRec.Left = 124
        dRec.Top = 1
        dRec.Right = 135
        dRec.Bottom = 2
        Visible = False
      end
      object prTxMemoObj13: TprTxMemoObj
        dRec.DefVersion = 0
        dRec.Versions = <
          item
            Visible = True
            Memo.Strings = (
              '|')
            DeleteEmptyLinesAtEnd = False
            DeleteEmptyLines = False
            CanResizeX = False
            CanResizeY = False
            hAlign = prhLeft
            vAlign = prvTop
            DefaultFont = False
            WordWrap = False
          end>
        dRec.Left = 149
        dRec.Top = 1
        dRec.Right = 150
        dRec.Bottom = 2
        Visible = False
      end
      object prTxMemoObj17: TprTxMemoObj
        dRec.DefVersion = 0
        dRec.Versions = <
          item
            Visible = True
            Memo.Strings = (
              'DIAS MORA')
            DeleteEmptyLinesAtEnd = False
            DeleteEmptyLines = False
            CanResizeX = False
            CanResizeY = False
            hAlign = prhCenter
            vAlign = prvCenter
            DefaultFont = False
            WordWrap = False
          end>
        dRec.Left = 150
        dRec.Top = 1
        dRec.Right = 160
        dRec.Bottom = 2
        Visible = False
      end
      object prTxMemoObj21: TprTxMemoObj
        dRec.DefVersion = 0
        dRec.Versions = <
          item
            Visible = True
            Memo.Strings = (
              'FECHA APERT.')
            DeleteEmptyLinesAtEnd = False
            DeleteEmptyLines = False
            CanResizeX = False
            CanResizeY = False
            hAlign = prhCenter
            vAlign = prvCenter
            DefaultFont = False
            WordWrap = False
          end>
        dRec.Left = 15
        dRec.Top = 1
        dRec.Right = 27
        dRec.Bottom = 2
        Visible = False
      end
      object prTxMemoObj48: TprTxMemoObj
        dRec.DefVersion = 0
        dRec.Versions = <
          item
            Visible = True
            Memo.Strings = (
              '|')
            DeleteEmptyLinesAtEnd = False
            DeleteEmptyLines = False
            CanResizeX = False
            CanResizeY = False
            hAlign = prhLeft
            vAlign = prvTop
            DefaultFont = False
            WordWrap = False
          end>
        dRec.Left = 14
        dRec.Top = 1
        dRec.Right = 15
        dRec.Bottom = 2
        Visible = False
      end
      object prTxMemoObj6: TprTxMemoObj
        dRec.DefVersion = 0
        dRec.Versions = <
          item
            Visible = True
            Memo.Strings = (
              '|')
            DeleteEmptyLinesAtEnd = False
            DeleteEmptyLines = False
            CanResizeX = False
            CanResizeY = False
            hAlign = prhLeft
            vAlign = prvTop
            DefaultFont = False
            WordWrap = False
          end>
        dRec.Left = 105
        dRec.Top = 1
        dRec.Right = 106
        dRec.Bottom = 2
        Visible = False
      end
      object prTxMemoObj9: TprTxMemoObj
        dRec.DefVersion = 0
        dRec.Versions = <
          item
            Visible = True
            Memo.Strings = (
              '|')
            DeleteEmptyLinesAtEnd = False
            DeleteEmptyLines = False
            CanResizeX = False
            CanResizeY = False
            hAlign = prhLeft
            vAlign = prvTop
            DefaultFont = False
            WordWrap = False
          end>
        dRec.Left = 135
        dRec.Top = 1
        dRec.Right = 136
        dRec.Bottom = 2
        Visible = False
      end
      object prTxMemoObj58: TprTxMemoObj
        dRec.DefVersion = 0
        dRec.Versions = <
          item
            Visible = True
            Memo.Strings = (
              'ESTADO')
            DeleteEmptyLinesAtEnd = False
            DeleteEmptyLines = False
            CanResizeX = False
            CanResizeY = False
            hAlign = prhCenter
            vAlign = prvCenter
            DefaultFont = False
            WordWrap = False
          end>
        dRec.Left = 136
        dRec.Top = 1
        dRec.Right = 149
        dRec.Bottom = 2
        Visible = False
      end
    end
    object prTxHDetailBand1: TprTxHDetailBand
      Height = 1
      UseVerticalBands = False
      DataSetName = 'IBTabla'
      ColCount = 1
      ColDirection = prcdTopBottomLeftRight
      Bands = (
        'prTxHDetailHeaderBand1'
        'prTxHDetailFooterBand1')
      object prTxMemoObj57: TprTxMemoObj
        dRec.DefVersion = 0
        dRec.Versions = <
          item
            Visible = True
            Memo.Strings = (
              '|')
            DeleteEmptyLinesAtEnd = False
            DeleteEmptyLines = False
            CanResizeX = False
            CanResizeY = False
            hAlign = prhLeft
            vAlign = prvTop
            DefaultFont = False
            WordWrap = False
          end>
        dRec.Left = 27
        dRec.Top = 0
        dRec.Right = 28
        dRec.Bottom = 1
        Visible = False
      end
      object prTxMemoObj60: TprTxMemoObj
        dRec.DefVersion = 0
        dRec.Versions = <
          item
            Visible = True
            Memo.Strings = (
              
                '[IBTabla.PRIMER_APELLIDO] [IBTabla.SEGUNDO_APELLIDO] [IBTabla.NO' +
                'MBRE]')
            DeleteEmptyLinesAtEnd = False
            DeleteEmptyLines = False
            CanResizeX = False
            CanResizeY = False
            hAlign = prhLeft
            vAlign = prvCenter
            DefaultFont = False
            WordWrap = False
          end>
        dRec.Left = 44
        dRec.Top = 0
        dRec.Right = 87
        dRec.Bottom = 1
        Visible = False
      end
      object prTxMemoObj19: TprTxMemoObj
        dRec.DefVersion = 0
        dRec.Versions = <
          item
            Visible = True
            Memo.Strings = (
              '|')
            DeleteEmptyLinesAtEnd = False
            DeleteEmptyLines = False
            CanResizeX = False
            CanResizeY = False
            hAlign = prhLeft
            vAlign = prvTop
            DefaultFont = False
            WordWrap = False
          end>
        dRec.Left = 87
        dRec.Top = 0
        dRec.Right = 88
        dRec.Bottom = 1
        Visible = False
      end
      object prTxMemoObj40: TprTxMemoObj
        dRec.DefVersion = 0
        dRec.Versions = <
          item
            Visible = True
            Memo.Strings = (
              '|')
            DeleteEmptyLinesAtEnd = False
            DeleteEmptyLines = False
            CanResizeX = False
            CanResizeY = False
            hAlign = prhLeft
            vAlign = prvTop
            DefaultFont = False
            WordWrap = False
          end>
        dRec.Left = 123
        dRec.Top = 0
        dRec.Right = 124
        dRec.Bottom = 1
        Visible = False
      end
      object prTxMemoObj43: TprTxMemoObj
        dRec.DefVersion = 0
        dRec.Versions = <
          item
            Visible = True
            Memo.Strings = (
              '|')
            DeleteEmptyLinesAtEnd = False
            DeleteEmptyLines = False
            CanResizeX = False
            CanResizeY = False
            hAlign = prhLeft
            vAlign = prvTop
            DefaultFont = False
            WordWrap = False
          end>
        dRec.Left = 149
        dRec.Top = 0
        dRec.Right = 150
        dRec.Bottom = 1
        Visible = False
      end
      object prTxMemoObj64: TprTxMemoObj
        dRec.DefVersion = 0
        dRec.Versions = <
          item
            Visible = True
            Memo.Strings = (
              '|')
            DeleteEmptyLinesAtEnd = False
            DeleteEmptyLines = False
            CanResizeX = False
            CanResizeY = False
            hAlign = prhLeft
            vAlign = prvTop
            DefaultFont = False
            WordWrap = False
          end>
        dRec.Left = 43
        dRec.Top = 0
        dRec.Right = 44
        dRec.Bottom = 1
        Visible = False
      end
      object prTxMemoObj50: TprTxMemoObj
        dRec.DefVersion = 0
        dRec.Versions = <
          item
            Visible = True
            Memo.Strings = (
              '|')
            DeleteEmptyLinesAtEnd = False
            DeleteEmptyLines = False
            CanResizeX = False
            CanResizeY = False
            hAlign = prhLeft
            vAlign = prvTop
            DefaultFont = False
            WordWrap = False
          end>
        dRec.Left = 14
        dRec.Top = 0
        dRec.Right = 15
        dRec.Bottom = 1
        Visible = False
      end
      object prTxMemoObj11: TprTxMemoObj
        dRec.DefVersion = 0
        dRec.Versions = <
          item
            Visible = True
            Memo.Strings = (
              '[IBTabla.ID_COLOCACION]')
            DeleteEmptyLinesAtEnd = False
            DeleteEmptyLines = False
            CanResizeX = False
            CanResizeY = False
            hAlign = prhLeft
            vAlign = prvCenter
            DefaultFont = False
            WordWrap = False
          end>
        dRec.Left = 1
        dRec.Top = 0
        dRec.Right = 14
        dRec.Bottom = 1
        Visible = False
      end
      object prTxMemoObj23: TprTxMemoObj
        dRec.DefVersion = 0
        dRec.Versions = <
          item
            Visible = True
            Memo.Strings = (
              '[:<yyyy/mm/dd>IBTabla.FECHA_DESEMBOLSO]')
            DeleteEmptyLinesAtEnd = False
            DeleteEmptyLines = False
            CanResizeX = False
            CanResizeY = False
            hAlign = prhLeft
            vAlign = prvCenter
            DefaultFont = False
            WordWrap = False
          end>
        dRec.Left = 15
        dRec.Top = 0
        dRec.Right = 27
        dRec.Bottom = 1
        Visible = False
      end
      object prTxMemoObj24: TprTxMemoObj
        dRec.DefVersion = 0
        dRec.Versions = <
          item
            Visible = True
            Memo.Strings = (
              '[IBTabla.ID_PERSONA]')
            DeleteEmptyLinesAtEnd = False
            DeleteEmptyLines = False
            CanResizeX = False
            CanResizeY = False
            hAlign = prhLeft
            vAlign = prvCenter
            DefaultFont = False
            WordWrap = False
          end>
        dRec.Left = 28
        dRec.Top = 0
        dRec.Right = 43
        dRec.Bottom = 1
        Visible = False
      end
      object prTxMemoObj52: TprTxMemoObj
        dRec.DefVersion = 0
        dRec.Versions = <
          item
            Visible = True
            Memo.Strings = (
              '[:<#,##0.00>IBTabla.SALDO]')
            DeleteEmptyLinesAtEnd = False
            DeleteEmptyLines = False
            CanResizeX = False
            CanResizeY = False
            hAlign = prhRight
            vAlign = prvCenter
            DefaultFont = False
            WordWrap = False
          end>
        dRec.Left = 88
        dRec.Top = 0
        dRec.Right = 105
        dRec.Bottom = 1
        Visible = False
      end
      object prTxMemoObj66: TprTxMemoObj
        dRec.DefVersion = 0
        dRec.Versions = <
          item
            Visible = True
            Memo.Strings = (
              '[:<yyyy/mm/dd>IBTabla.FECHA_VENCIMIENTO]')
            DeleteEmptyLinesAtEnd = False
            DeleteEmptyLines = False
            CanResizeX = False
            CanResizeY = False
            hAlign = prhRight
            vAlign = prvCenter
            DefaultFont = False
            WordWrap = False
          end>
        dRec.Left = 124
        dRec.Top = 0
        dRec.Right = 135
        dRec.Bottom = 1
        Visible = False
      end
      object prTxMemoObj68: TprTxMemoObj
        dRec.DefVersion = 0
        dRec.Versions = <
          item
            Visible = True
            Memo.Strings = (
              '[IBTabla.MORA]')
            DeleteEmptyLinesAtEnd = False
            DeleteEmptyLines = False
            CanResizeX = False
            CanResizeY = False
            hAlign = prhRight
            vAlign = prvTop
            DefaultFont = False
            WordWrap = False
          end>
        dRec.Left = 150
        dRec.Top = 0
        dRec.Right = 160
        dRec.Bottom = 1
        Visible = False
      end
      object prTxMemoObj41: TprTxMemoObj
        dRec.DefVersion = 0
        dRec.Versions = <
          item
            Visible = True
            Memo.Strings = (
              '[:<#,##0.00>IBTabla.VALOR_CUOTA]')
            DeleteEmptyLinesAtEnd = False
            DeleteEmptyLines = False
            CanResizeX = False
            CanResizeY = False
            hAlign = prhRight
            vAlign = prvCenter
            DefaultFont = False
            WordWrap = False
          end>
        dRec.Left = 106
        dRec.Top = 0
        dRec.Right = 123
        dRec.Bottom = 1
        Visible = False
      end
      object prTxMemoObj7: TprTxMemoObj
        dRec.DefVersion = 0
        dRec.Versions = <
          item
            Visible = True
            Memo.Strings = (
              '|')
            DeleteEmptyLinesAtEnd = False
            DeleteEmptyLines = False
            CanResizeX = False
            CanResizeY = False
            hAlign = prhLeft
            vAlign = prvTop
            DefaultFont = False
            WordWrap = False
          end>
        dRec.Left = 105
        dRec.Top = 0
        dRec.Right = 106
        dRec.Bottom = 1
        Visible = False
      end
      object prTxMemoObj42: TprTxMemoObj
        dRec.DefVersion = 0
        dRec.Versions = <
          item
            Visible = True
            Memo.Strings = (
              '|')
            DeleteEmptyLinesAtEnd = False
            DeleteEmptyLines = False
            CanResizeX = False
            CanResizeY = False
            hAlign = prhLeft
            vAlign = prvTop
            DefaultFont = False
            WordWrap = False
          end>
        dRec.Left = 135
        dRec.Top = 0
        dRec.Right = 136
        dRec.Bottom = 1
        Visible = False
      end
      object prTxMemoObj61: TprTxMemoObj
        dRec.DefVersion = 0
        dRec.Versions = <
          item
            Visible = True
            Memo.Strings = (
              '[IBTabla.DESCRIPCION_ESTADO]')
            DeleteEmptyLinesAtEnd = False
            DeleteEmptyLines = False
            CanResizeX = False
            CanResizeY = False
            hAlign = prhLeft
            vAlign = prvTop
            DefaultFont = False
            WordWrap = False
          end>
        dRec.Left = 136
        dRec.Top = 0
        dRec.Right = 149
        dRec.Bottom = 1
        Visible = False
      end
    end
    object prTxHDetailFooterBand1: TprTxHDetailFooterBand
      Height = 2
      UseVerticalBands = False
      DetailBand = prTxHDetailBand1
      ColCount = 1
      ColDirection = prcdTopBottomLeftRight
      LinkToDetail = False
      object prTxMemoObj5: TprTxMemoObj
        dRec.DefVersion = 0
        dRec.Versions = <
          item
            Visible = True
            Memo.Strings = (
              'No. Colocaciones : [TNoDesembolsos]')
            DeleteEmptyLinesAtEnd = False
            DeleteEmptyLines = False
            CanResizeX = False
            CanResizeY = False
            hAlign = prhLeft
            vAlign = prvTop
            DefaultFont = False
            WordWrap = False
          end>
        dRec.Left = 1
        dRec.Top = 1
        dRec.Right = 28
        dRec.Bottom = 2
        Visible = False
      end
      object prTxMemoObj35: TprTxMemoObj
        dRec.DefVersion = 0
        dRec.Versions = <
          item
            Visible = True
            Memo.Strings = (
              'Valor Total Cartera : [:<#,##0.00>TotalCartera] ')
            DeleteEmptyLinesAtEnd = False
            DeleteEmptyLines = False
            CanResizeX = False
            CanResizeY = False
            hAlign = prhRight
            vAlign = prvCenter
            DefaultFont = False
            WordWrap = False
          end>
        dRec.Left = 105
        dRec.Top = 1
        dRec.Right = 160
        dRec.Bottom = 2
        Visible = False
      end
      object prTxMemoObj25: TprTxMemoObj
        dRec.DefVersion = 0
        dRec.Versions = <
          item
            Visible = True
            Memo.Strings = (
              
                '----------------------------------------------------------------' +
                '----------------------------------------------------------------' +
                '----------------------------------------------------------------' +
                '---------------------------------------')
            DeleteEmptyLinesAtEnd = False
            DeleteEmptyLines = False
            CanResizeX = False
            CanResizeY = False
            hAlign = prhLeft
            vAlign = prvTop
            DefaultFont = False
            WordWrap = False
          end>
        dRec.Left = -59
        dRec.Top = 0
        dRec.Right = 160
        dRec.Bottom = 1
        Visible = False
      end
    end
  end
end
