object TprTxReport
  FromPage = 2
  ToPage = 2
  PrintPagesMode = ppmPagesRange
  ExportFromPage = 0
  ExportToPage = 0
  Values = <
    item
      Name = 'TINTERES'
      AggFunction = prafSum
      Formula = 'IBLiquidacion.INTERES'
      ResetOn = rvtReport
      CalcOn = cvtDataSetNext
      DataSetName = 'IBLiquidacion'
    end
    item
      Name = 'TRETENCION'
      AggFunction = prafSum
      Formula = 'IBLiquidacion.RETENCION'
      ResetOn = rvtReport
      CalcOn = cvtDataSetNext
      DataSetName = 'IBLiquidacion'
    end
    item
      Name = 'TCAUSADOS'
      AggFunction = prafSum
      Formula = 'IBLiquidacion.CAUSADO'
      ResetOn = rvtReport
      CalcOn = cvtDataSetNext
      DataSetName = 'IBLiquidacion'
    end
    item
      Name = 'TNETO'
      AggFunction = prafSum
      Formula = 'IBLiquidacion.NETO'
      ResetOn = rvtReport
      CalcOn = cvtDataSetNext
      DataSetName = 'IBLiquidacion'
    end
    item
      Name = 'TRETECAUSADO'
      AggFunction = prafSum
      Formula = 'IBLiquidacion.RETECAUSADO'
      ResetOn = rvtReport
      CalcOn = cvtDataSetNext
      DataSetName = 'IBLiquidacion'
    end
    item
      Name = 'TRETEINTERES'
      AggFunction = prafSum
      Formula = 'IBLiquidacion.RETEINTERES'
      ResetOn = rvtReport
      CalcOn = cvtDataSetNext
      DataSetName = 'IBLiquidacion'
    end>
  Variables = <
    item
      Name = 'EMPRESA'
      ValueType = 'prvvtString'
      Value = 'COOPSERVIR'
    end
    item
      Name = 'TASA'
      ValueType = 'prvvtDouble'
      Value = 4.2
    end
    item
      Name = 'SALDOMINIMO'
      ValueType = 'prvvtInteger'
      Value = 20000
    end
    item
      Name = 'FECHACORTE'
      ValueType = 'prvvtDateTime'
      Value = 37835d
    end
    item
      Name = 'AGENCIA'
      ValueType = 'prvvtString'
      Value = 'OCA'#209'A'
    end
    item
      Name = 'CAPTACION'
      ValueType = 'prvvtString'
      Value = 'AHORRO RINDE DIARIO'
    end
    item
      Name = 'NIT'
      ValueType = 'prvvtString'
      Value = '890.505.363-6'
    end
    item
      Name = 'TIPOLIQUIDACION'
      ValueType = 'prvvtString'
      Value = 'DE PRUEBA'
    end>
  PrinterName = '\\DEPARTAS02\EPSON FX-1180+ ESC/P'
  ESCModelName = 'Epson printers'
  WrapAfterColumn = 0
  EjectPageAfterPrint = False
  LinesOnPage = 0
  FromLine = 0
  ToLine = 0
  ExportFromLine = 0
  ExportToLine = 0
  Left = 18
  Top = 46
  SystemInfo = (
    'OS: WIN32_NT 5.1.2600 Service Pack 2'
    ''
    'PageSize: 4096'
    'ActiveProcessorMask: $1000'
    'NumberOfProcessors: 1'
    'ProcessorType: 586'
    ''
    'Compiler version: Delphi6'
    'PReport version: 1.9.4')
  object prTxPage1: TprTxPage
    PageType = tptPage
    LineNum = 45
    ColNum = 200
    object prTxHDetailBand1: TprTxHDetailBand
      Height = 1
      UseVerticalBands = False
      DataSetName = 'IBLiquidacion'
      ColCount = 1
      ColDirection = prcdTopBottomLeftRight
      Bands = (
        'prTxHDetailHeaderBand1'
        'prTxHDetailFooterBand1')
      object prTxMemoObj1: TprTxMemoObj
        dRec.DefVersion = 0
        dRec.Versions = <
          item
            Visible = True
            Memo.Strings = (
              
                '[:<0000000>IBLiquidacion.NUMERO_CUENTA]-[IBLiquidacion.DIGITO_CU' +
                'ENTA]')
            DeleteEmptyLinesAtEnd = False
            DeleteEmptyLines = False
            CanResizeX = False
            CanResizeY = False
            hAlign = prhRight
            vAlign = prvTop
            DefaultFont = False
            WordWrap = False
          end>
        dRec.Left = 0
        dRec.Top = 0
        dRec.Right = 9
        dRec.Bottom = 1
        Visible = False
      end
      object prTxMemoObj2: TprTxMemoObj
        dRec.DefVersion = 0
        dRec.Versions = <
          item
            Visible = True
            Memo.Strings = (
              '[IBLiquidacion.ID_IDENTIFICACION]')
            DeleteEmptyLinesAtEnd = False
            DeleteEmptyLines = False
            CanResizeX = False
            CanResizeY = False
            hAlign = prhCenter
            vAlign = prvTop
            DefaultFont = False
            WordWrap = False
          end>
        dRec.Left = 10
        dRec.Top = 0
        dRec.Right = 12
        dRec.Bottom = 1
        Visible = False
      end
      object prTxMemoObj3: TprTxMemoObj
        dRec.DefVersion = 0
        dRec.Versions = <
          item
            Visible = True
            Memo.Strings = (
              '[IBLiquidacion.ID_PERSONA]')
            DeleteEmptyLinesAtEnd = False
            DeleteEmptyLines = False
            CanResizeX = False
            CanResizeY = False
            hAlign = prhRight
            vAlign = prvTop
            DefaultFont = False
            WordWrap = False
          end>
        dRec.Left = 12
        dRec.Top = 0
        dRec.Right = 24
        dRec.Bottom = 1
        Visible = False
      end
      object prTxMemoObj4: TprTxMemoObj
        dRec.DefVersion = 0
        dRec.Versions = <
          item
            Visible = True
            Memo.Strings = (
              '[IBLiquidacion.NOMBRE]')
            DeleteEmptyLinesAtEnd = False
            DeleteEmptyLines = False
            CanResizeX = False
            CanResizeY = False
            hAlign = prhLeft
            vAlign = prvTop
            DefaultFont = False
            WordWrap = False
          end>
        dRec.Left = 25
        dRec.Top = 0
        dRec.Right = 57
        dRec.Bottom = 1
        Visible = False
      end
      object prTxMemoObj5: TprTxMemoObj
        dRec.DefVersion = 0
        dRec.Versions = <
          item
            Visible = True
            Memo.Strings = (
              '[:<#,#.00>IBLiquidacion.SALDO_ACTUAL]')
            DeleteEmptyLinesAtEnd = False
            DeleteEmptyLines = False
            CanResizeX = False
            CanResizeY = False
            hAlign = prhRight
            vAlign = prvTop
            DefaultFont = False
            WordWrap = False
          end>
        dRec.Left = 58
        dRec.Top = 0
        dRec.Right = 74
        dRec.Bottom = 1
        Visible = False
      end
      object prTxMemoObj6: TprTxMemoObj
        dRec.DefVersion = 0
        dRec.Versions = <
          item
            Visible = True
            Memo.Strings = (
              '[:<#,#0.00>IBLiquidacion.TASA_LIQUIDACION]')
            DeleteEmptyLinesAtEnd = False
            DeleteEmptyLines = False
            CanResizeX = False
            CanResizeY = False
            hAlign = prhRight
            vAlign = prvTop
            DefaultFont = False
            WordWrap = False
          end>
        dRec.Left = 75
        dRec.Top = 0
        dRec.Right = 80
        dRec.Bottom = 1
        Visible = False
      end
      object prTxMemoObj7: TprTxMemoObj
        dRec.DefVersion = 0
        dRec.Versions = <
          item
            Visible = True
            Memo.Strings = (
              '[:<#,#0>IBLiquidacion.INTERES]')
            DeleteEmptyLinesAtEnd = False
            DeleteEmptyLines = False
            CanResizeX = False
            CanResizeY = False
            hAlign = prhRight
            vAlign = prvTop
            DefaultFont = False
            WordWrap = False
          end>
        dRec.Left = 86
        dRec.Top = 0
        dRec.Right = 98
        dRec.Bottom = 1
        Visible = False
      end
      object prTxMemoObj8: TprTxMemoObj
        dRec.DefVersion = 0
        dRec.Versions = <
          item
            Visible = True
            Memo.Strings = (
              '[:<#,#0>IBLiquidacion.RETENCION]')
            DeleteEmptyLinesAtEnd = False
            DeleteEmptyLines = False
            CanResizeX = False
            CanResizeY = False
            hAlign = prhRight
            vAlign = prvTop
            DefaultFont = False
            WordWrap = False
          end>
        dRec.Left = 112
        dRec.Top = 0
        dRec.Right = 124
        dRec.Bottom = 1
        Visible = False
      end
      object prTxMemoObj38: TprTxMemoObj
        dRec.DefVersion = 0
        dRec.Versions = <
          item
            Visible = True
            Memo.Strings = (
              '[IBLiquidacion.DIAS]')
            DeleteEmptyLinesAtEnd = False
            DeleteEmptyLines = False
            CanResizeX = False
            CanResizeY = False
            hAlign = prhRight
            vAlign = prvTop
            DefaultFont = False
            WordWrap = False
          end>
        dRec.Left = 81
        dRec.Top = 0
        dRec.Right = 85
        dRec.Bottom = 1
        Visible = False
      end
      object prTxMemoObj40: TprTxMemoObj
        dRec.DefVersion = 0
        dRec.Versions = <
          item
            Visible = True
            Memo.Strings = (
              '[:<#,#0>IBLiquidacion.CAUSADO]')
            DeleteEmptyLinesAtEnd = False
            DeleteEmptyLines = False
            CanResizeX = False
            CanResizeY = False
            hAlign = prhRight
            vAlign = prvTop
            DefaultFont = False
            WordWrap = False
          end>
        dRec.Left = 99
        dRec.Top = 0
        dRec.Right = 111
        dRec.Bottom = 1
        Visible = False
      end
      object prTxMemoObj43: TprTxMemoObj
        dRec.DefVersion = 0
        dRec.Versions = <
          item
            Visible = True
            Memo.Strings = (
              '[:<#,#0>IBLiquidacion.NETO]')
            DeleteEmptyLinesAtEnd = False
            DeleteEmptyLines = False
            CanResizeX = False
            CanResizeY = False
            hAlign = prhRight
            vAlign = prvTop
            DefaultFont = False
            WordWrap = False
          end>
        dRec.Left = 151
        dRec.Top = 0
        dRec.Right = 163
        dRec.Bottom = 1
        Visible = False
      end
      object prTxMemoObj49: TprTxMemoObj
        dRec.DefVersion = 0
        dRec.Versions = <
          item
            Visible = True
            Memo.Strings = (
              '[:<#,#0>IBLiquidacion.RETECAUSADO]')
            DeleteEmptyLinesAtEnd = False
            DeleteEmptyLines = False
            CanResizeX = False
            CanResizeY = False
            hAlign = prhRight
            vAlign = prvTop
            DefaultFont = False
            WordWrap = False
          end>
        dRec.Left = 125
        dRec.Top = 0
        dRec.Right = 137
        dRec.Bottom = 1
        Visible = False
      end
      object prTxMemoObj51: TprTxMemoObj
        dRec.DefVersion = 0
        dRec.Versions = <
          item
            Visible = True
            Memo.Strings = (
              '[:<#,#0>IBLiquidacion.RETEINTERES]')
            DeleteEmptyLinesAtEnd = False
            DeleteEmptyLines = False
            CanResizeX = False
            CanResizeY = False
            hAlign = prhRight
            vAlign = prvTop
            DefaultFont = False
            WordWrap = False
          end>
        dRec.Left = 138
        dRec.Top = 0
        dRec.Right = 150
        dRec.Bottom = 1
        Visible = False
      end
    end
    object prTxHDetailHeaderBand1: TprTxHDetailHeaderBand
      Height = 2
      UseVerticalBands = False
      ColCount = 1
      ColDirection = prcdTopBottomLeftRight
      ReprintOnEachPage = True
      LinkToDetail = True
      object prTxMemoObj9: TprTxMemoObj
        dRec.DefVersion = 0
        dRec.Versions = <
          item
            Visible = True
            Memo.Strings = (
              'CAPTACION')
            DeleteEmptyLinesAtEnd = False
            DeleteEmptyLines = False
            CanResizeX = False
            CanResizeY = False
            hAlign = prhCenter
            vAlign = prvTop
            DefaultFont = False
            WordWrap = False
          end>
        dRec.Left = 0
        dRec.Top = 0
        dRec.Right = 9
        dRec.Bottom = 1
        Visible = False
      end
      object prTxMemoObj10: TprTxMemoObj
        dRec.DefVersion = 0
        dRec.Versions = <
          item
            Visible = True
            Memo.Strings = (
              'IDENTIFICACION')
            DeleteEmptyLinesAtEnd = False
            DeleteEmptyLines = False
            CanResizeX = False
            CanResizeY = False
            hAlign = prhLeft
            vAlign = prvTop
            DefaultFont = False
            WordWrap = False
          end>
        dRec.Left = 10
        dRec.Top = 0
        dRec.Right = 24
        dRec.Bottom = 1
        Visible = False
      end
      object prTxMemoObj11: TprTxMemoObj
        dRec.DefVersion = 0
        dRec.Versions = <
          item
            Visible = True
            Memo.Strings = (
              'NOMBRE')
            DeleteEmptyLinesAtEnd = False
            DeleteEmptyLines = False
            CanResizeX = False
            CanResizeY = False
            hAlign = prhCenter
            vAlign = prvTop
            DefaultFont = False
            WordWrap = False
          end>
        dRec.Left = 25
        dRec.Top = 0
        dRec.Right = 57
        dRec.Bottom = 1
        Visible = False
      end
      object prTxMemoObj12: TprTxMemoObj
        dRec.DefVersion = 0
        dRec.Versions = <
          item
            Visible = True
            Memo.Strings = (
              'VALOR')
            DeleteEmptyLinesAtEnd = False
            DeleteEmptyLines = False
            CanResizeX = False
            CanResizeY = False
            hAlign = prhCenter
            vAlign = prvTop
            DefaultFont = False
            WordWrap = False
          end>
        dRec.Left = 58
        dRec.Top = 0
        dRec.Right = 74
        dRec.Bottom = 1
        Visible = False
      end
      object prTxMemoObj13: TprTxMemoObj
        dRec.DefVersion = 0
        dRec.Versions = <
          item
            Visible = True
            Memo.Strings = (
              'TASA')
            DeleteEmptyLinesAtEnd = False
            DeleteEmptyLines = False
            CanResizeX = False
            CanResizeY = False
            hAlign = prhCenter
            vAlign = prvTop
            DefaultFont = False
            WordWrap = False
          end>
        dRec.Left = 75
        dRec.Top = 0
        dRec.Right = 80
        dRec.Bottom = 1
        Visible = False
      end
      object prTxMemoObj14: TprTxMemoObj
        dRec.DefVersion = 0
        dRec.Versions = <
          item
            Visible = True
            Memo.Strings = (
              'INTERES')
            DeleteEmptyLinesAtEnd = False
            DeleteEmptyLines = False
            CanResizeX = False
            CanResizeY = False
            hAlign = prhCenter
            vAlign = prvTop
            DefaultFont = False
            WordWrap = False
          end>
        dRec.Left = 86
        dRec.Top = 0
        dRec.Right = 98
        dRec.Bottom = 1
        Visible = False
      end
      object prTxMemoObj15: TprTxMemoObj
        dRec.DefVersion = 0
        dRec.Versions = <
          item
            Visible = True
            Memo.Strings = (
              'RETENCION')
            DeleteEmptyLinesAtEnd = False
            DeleteEmptyLines = False
            CanResizeX = False
            CanResizeY = False
            hAlign = prhCenter
            vAlign = prvTop
            DefaultFont = False
            WordWrap = False
          end>
        dRec.Left = 112
        dRec.Top = 0
        dRec.Right = 124
        dRec.Bottom = 1
        Visible = False
      end
      object prTxMemoObj16: TprTxMemoObj
        dRec.DefVersion = 0
        dRec.Versions = <
          item
            Visible = True
            Memo.Strings = (
              
                '----------------------------------------------------------------' +
                '----------------------------------------------------------------' +
                '-----------------------------------------')
            DeleteEmptyLinesAtEnd = False
            DeleteEmptyLines = False
            CanResizeX = False
            CanResizeY = False
            hAlign = prhLeft
            vAlign = prvTop
            DefaultFont = False
            WordWrap = False
          end>
        dRec.Left = 0
        dRec.Top = 1
        dRec.Right = 163
        dRec.Bottom = 2
        Visible = False
      end
      object prTxMemoObj48: TprTxMemoObj
        dRec.DefVersion = 0
        dRec.Versions = <
          item
            Visible = True
            Memo.Strings = (
              'RF CAUSADA')
            DeleteEmptyLinesAtEnd = False
            DeleteEmptyLines = False
            CanResizeX = False
            CanResizeY = False
            hAlign = prhCenter
            vAlign = prvTop
            DefaultFont = False
            WordWrap = False
          end>
        dRec.Left = 125
        dRec.Top = 0
        dRec.Right = 137
        dRec.Bottom = 1
        Visible = False
      end
      object prTxMemoObj50: TprTxMemoObj
        dRec.DefVersion = 0
        dRec.Versions = <
          item
            Visible = True
            Memo.Strings = (
              'RF GASTO')
            DeleteEmptyLinesAtEnd = False
            DeleteEmptyLines = False
            CanResizeX = False
            CanResizeY = False
            hAlign = prhCenter
            vAlign = prvTop
            DefaultFont = False
            WordWrap = False
          end>
        dRec.Left = 138
        dRec.Top = 0
        dRec.Right = 150
        dRec.Bottom = 1
        Visible = False
      end
    end
    object prTxHDetailFooterBand1: TprTxHDetailFooterBand
      Height = 2
      UseVerticalBands = False
      ColCount = 0
      ColDirection = prcdTopBottomLeftRight
      LinkToDetail = False
      object prTxMemoObj17: TprTxMemoObj
        dRec.DefVersion = 0
        dRec.Versions = <
          item
            Visible = True
            Memo.Strings = (
              
                '----------------------------------------------------------------' +
                '----------------------------------------------------------------' +
                '-----------------------------------------')
            DeleteEmptyLinesAtEnd = False
            DeleteEmptyLines = False
            CanResizeX = False
            CanResizeY = False
            hAlign = prhLeft
            vAlign = prvTop
            DefaultFont = False
            WordWrap = False
          end>
        dRec.Left = 0
        dRec.Top = 0
        dRec.Right = 163
        dRec.Bottom = 1
        Visible = False
      end
      object prTxMemoObj18: TprTxMemoObj
        dRec.DefVersion = 0
        dRec.Versions = <
          item
            Visible = True
            Memo.Strings = (
              '[:<#,#0>TINTERES]')
            DeleteEmptyLinesAtEnd = False
            DeleteEmptyLines = False
            CanResizeX = False
            CanResizeY = False
            hAlign = prhRight
            vAlign = prvTop
            DefaultFont = False
            WordWrap = False
          end>
        dRec.Left = 86
        dRec.Top = 1
        dRec.Right = 98
        dRec.Bottom = 2
        Visible = False
      end
      object prTxMemoObj19: TprTxMemoObj
        dRec.DefVersion = 0
        dRec.Versions = <
          item
            Visible = True
            Memo.Strings = (
              '[:<#,#0>TRETENCION]')
            DeleteEmptyLinesAtEnd = False
            DeleteEmptyLines = False
            CanResizeX = False
            CanResizeY = False
            hAlign = prhRight
            vAlign = prvTop
            DefaultFont = False
            WordWrap = False
          end>
        dRec.Left = 112
        dRec.Top = 1
        dRec.Right = 124
        dRec.Bottom = 2
        Visible = False
      end
      object prTxMemoObj41: TprTxMemoObj
        dRec.DefVersion = 0
        dRec.Versions = <
          item
            Visible = True
            Memo.Strings = (
              '[:<#,#0>TCAUSADOS]')
            DeleteEmptyLinesAtEnd = False
            DeleteEmptyLines = False
            CanResizeX = False
            CanResizeY = False
            hAlign = prhRight
            vAlign = prvTop
            DefaultFont = False
            WordWrap = False
          end>
        dRec.Left = 99
        dRec.Top = 1
        dRec.Right = 111
        dRec.Bottom = 2
        Visible = False
      end
      object prTxMemoObj44: TprTxMemoObj
        dRec.DefVersion = 0
        dRec.Versions = <
          item
            Visible = True
            Memo.Strings = (
              '[:<#,##0>TNETO]')
            DeleteEmptyLinesAtEnd = False
            DeleteEmptyLines = False
            CanResizeX = False
            CanResizeY = False
            hAlign = prhRight
            vAlign = prvTop
            DefaultFont = False
            WordWrap = False
          end>
        dRec.Left = 151
        dRec.Top = 1
        dRec.Right = 163
        dRec.Bottom = 2
        Visible = False
      end
      object prTxMemoObj45: TprTxMemoObj
        dRec.DefVersion = 0
        dRec.Versions = <
          item
            Visible = True
            Memo.Strings = (
              'TOTALES')
            DeleteEmptyLinesAtEnd = False
            DeleteEmptyLines = False
            CanResizeX = False
            CanResizeY = False
            hAlign = prhLeft
            vAlign = prvTop
            DefaultFont = False
            WordWrap = False
            TxFontOptionsEx = (
              tfoBold)
          end>
        dRec.Left = 62
        dRec.Top = 1
        dRec.Right = 70
        dRec.Bottom = 2
        Visible = False
      end
      object prTxMemoObj52: TprTxMemoObj
        dRec.DefVersion = 0
        dRec.Versions = <
          item
            Visible = True
            Memo.Strings = (
              '[:<#,#0>TRETECAUSADO]')
            DeleteEmptyLinesAtEnd = False
            DeleteEmptyLines = False
            CanResizeX = False
            CanResizeY = False
            hAlign = prhRight
            vAlign = prvTop
            DefaultFont = False
            WordWrap = False
          end>
        dRec.Left = 125
        dRec.Top = 1
        dRec.Right = 137
        dRec.Bottom = 2
        Visible = False
      end
      object prTxMemoObj53: TprTxMemoObj
        dRec.DefVersion = 0
        dRec.Versions = <
          item
            Visible = True
            Memo.Strings = (
              '[:<#,#0>TRETEINTERES]')
            DeleteEmptyLinesAtEnd = False
            DeleteEmptyLines = False
            CanResizeX = False
            CanResizeY = False
            hAlign = prhRight
            vAlign = prvTop
            DefaultFont = False
            WordWrap = False
          end>
        dRec.Left = 138
        dRec.Top = 1
        dRec.Right = 150
        dRec.Bottom = 2
        Visible = False
      end
    end
    object prTxHPageHeaderBand1: TprTxHPageHeaderBand
      Height = 4
      UseVerticalBands = False
      PrintOnFirstPage = True
      object prTxMemoObj20: TprTxMemoObj
        dRec.DefVersion = 0
        dRec.Versions = <
          item
            Visible = True
            Memo.Strings = (
              '[EMPRESA]')
            DeleteEmptyLinesAtEnd = False
            DeleteEmptyLines = False
            CanResizeX = False
            CanResizeY = False
            hAlign = prhLeft
            vAlign = prvTop
            DefaultFont = False
            WordWrap = False
            TxFontOptionsEx = (
              tfoBold
              tfoWide)
          end>
        dRec.Left = 0
        dRec.Top = 0
        dRec.Right = 24
        dRec.Bottom = 1
        Visible = False
      end
      object prTxMemoObj21: TprTxMemoObj
        dRec.DefVersion = 0
        dRec.Versions = <
          item
            Visible = True
            Memo.Strings = (
              
                '----------------------------------------------------------------' +
                '----------------------------------------------------------------' +
                '-----------------------------------------')
            DeleteEmptyLinesAtEnd = False
            DeleteEmptyLines = False
            CanResizeX = False
            CanResizeY = False
            hAlign = prhLeft
            vAlign = prvTop
            DefaultFont = False
            WordWrap = False
          end>
        dRec.Left = 0
        dRec.Top = 3
        dRec.Right = 163
        dRec.Bottom = 4
        Visible = False
      end
      object prTxMemoObj22: TprTxMemoObj
        dRec.DefVersion = 0
        dRec.Versions = <
          item
            Visible = True
            Memo.Strings = (
              'LIQUIDACION DE INTERESES CAPTACION')
            DeleteEmptyLinesAtEnd = False
            DeleteEmptyLines = False
            CanResizeX = False
            CanResizeY = False
            hAlign = prhCenter
            vAlign = prvTop
            DefaultFont = False
            WordWrap = False
          end>
        dRec.Left = 45
        dRec.Top = 0
        dRec.Right = 81
        dRec.Bottom = 1
        Visible = False
      end
      object prTxMemoObj23: TprTxMemoObj
        dRec.DefVersion = 0
        dRec.Versions = <
          item
            Visible = True
            Memo.Strings = (
              'P'#225'gina:')
            DeleteEmptyLinesAtEnd = False
            DeleteEmptyLines = False
            CanResizeX = False
            CanResizeY = False
            hAlign = prhLeft
            vAlign = prvTop
            DefaultFont = False
            WordWrap = False
          end>
        dRec.Left = 105
        dRec.Top = 0
        dRec.Right = 112
        dRec.Bottom = 1
        Visible = False
      end
      object prTxMemoObj24: TprTxMemoObj
        dRec.DefVersion = 0
        dRec.Versions = <
          item
            Visible = True
            Memo.Strings = (
              '[:<000>Page]')
            DeleteEmptyLinesAtEnd = False
            DeleteEmptyLines = False
            CanResizeX = False
            CanResizeY = False
            hAlign = prhRight
            vAlign = prvTop
            DefaultFont = False
            WordWrap = False
          end>
        dRec.Left = 112
        dRec.Top = 0
        dRec.Right = 115
        dRec.Bottom = 1
        Visible = False
      end
      object prTxMemoObj25: TprTxMemoObj
        dRec.DefVersion = 0
        dRec.Versions = <
          item
            Visible = True
            Memo.Strings = (
              'Parametros:')
            DeleteEmptyLinesAtEnd = False
            DeleteEmptyLines = False
            CanResizeX = False
            CanResizeY = False
            hAlign = prhLeft
            vAlign = prvTop
            DefaultFont = False
            WordWrap = False
          end>
        dRec.Left = 0
        dRec.Top = 1
        dRec.Right = 11
        dRec.Bottom = 2
        Visible = False
      end
      object prTxMemoObj26: TprTxMemoObj
        dRec.DefVersion = 0
        dRec.Versions = <
          item
            Visible = True
            Memo.Strings = (
              'Tasa Retenci'#243'n:')
            DeleteEmptyLinesAtEnd = False
            DeleteEmptyLines = False
            CanResizeX = False
            CanResizeY = False
            hAlign = prhLeft
            vAlign = prvTop
            DefaultFont = False
            WordWrap = False
          end>
        dRec.Left = 11
        dRec.Top = 1
        dRec.Right = 26
        dRec.Bottom = 2
        Visible = False
      end
      object prTxMemoObj27: TprTxMemoObj
        dRec.DefVersion = 0
        dRec.Versions = <
          item
            Visible = True
            Memo.Strings = (
              '[TASA]')
            DeleteEmptyLinesAtEnd = False
            DeleteEmptyLines = False
            CanResizeX = False
            CanResizeY = False
            hAlign = prhRight
            vAlign = prvTop
            DefaultFont = False
            WordWrap = False
          end>
        dRec.Left = 26
        dRec.Top = 1
        dRec.Right = 32
        dRec.Bottom = 2
        Visible = False
      end
      object prTxMemoObj28: TprTxMemoObj
        dRec.DefVersion = 0
        dRec.Versions = <
          item
            Visible = True
            Memo.Strings = (
              'Saldo Diario Para Retener:')
            DeleteEmptyLinesAtEnd = False
            DeleteEmptyLines = False
            CanResizeX = False
            CanResizeY = False
            hAlign = prhLeft
            vAlign = prvTop
            DefaultFont = False
            WordWrap = False
          end>
        dRec.Left = 34
        dRec.Top = 1
        dRec.Right = 60
        dRec.Bottom = 2
        Visible = False
      end
      object prTxMemoObj29: TprTxMemoObj
        dRec.DefVersion = 0
        dRec.Versions = <
          item
            Visible = True
            Memo.Strings = (
              '[SALDOMINIMO]')
            DeleteEmptyLinesAtEnd = False
            DeleteEmptyLines = False
            CanResizeX = False
            CanResizeY = False
            hAlign = prhRight
            vAlign = prvTop
            DefaultFont = False
            WordWrap = False
          end>
        dRec.Left = 60
        dRec.Top = 1
        dRec.Right = 76
        dRec.Bottom = 2
        Visible = False
      end
      object prTxMemoObj30: TprTxMemoObj
        dRec.DefVersion = 0
        dRec.Versions = <
          item
            Visible = True
            Memo.Strings = (
              'FECHA CORTE:')
            DeleteEmptyLinesAtEnd = False
            DeleteEmptyLines = False
            CanResizeX = False
            CanResizeY = False
            hAlign = prhLeft
            vAlign = prvTop
            DefaultFont = False
            WordWrap = False
          end>
        dRec.Left = 79
        dRec.Top = 1
        dRec.Right = 91
        dRec.Bottom = 2
        Visible = False
      end
      object prTxMemoObj31: TprTxMemoObj
        dRec.DefVersion = 0
        dRec.Versions = <
          item
            Visible = True
            Memo.Strings = (
              '[:<yyyy/MM/dd>FECHACORTE]')
            DeleteEmptyLinesAtEnd = False
            DeleteEmptyLines = False
            CanResizeX = False
            CanResizeY = False
            hAlign = prhLeft
            vAlign = prvTop
            DefaultFont = False
            WordWrap = False
          end>
        dRec.Left = 91
        dRec.Top = 1
        dRec.Right = 101
        dRec.Bottom = 2
        Visible = False
      end
      object prTxMemoObj32: TprTxMemoObj
        dRec.DefVersion = 0
        dRec.Versions = <
          item
            Visible = True
            Memo.Strings = (
              'Agencia:')
            DeleteEmptyLinesAtEnd = False
            DeleteEmptyLines = False
            CanResizeX = False
            CanResizeY = False
            hAlign = prhLeft
            vAlign = prvTop
            DefaultFont = False
            WordWrap = False
          end>
        dRec.Left = 0
        dRec.Top = 2
        dRec.Right = 8
        dRec.Bottom = 3
        Visible = False
      end
      object prTxMemoObj33: TprTxMemoObj
        dRec.DefVersion = 0
        dRec.Versions = <
          item
            Visible = True
            Memo.Strings = (
              '[AGENCIA]')
            DeleteEmptyLinesAtEnd = False
            DeleteEmptyLines = False
            CanResizeX = False
            CanResizeY = False
            hAlign = prhLeft
            vAlign = prvTop
            DefaultFont = False
            WordWrap = False
          end>
        dRec.Left = 9
        dRec.Top = 2
        dRec.Right = 21
        dRec.Bottom = 3
        Visible = False
      end
      object prTxMemoObj34: TprTxMemoObj
        dRec.DefVersion = 0
        dRec.Versions = <
          item
            Visible = True
            Memo.Strings = (
              'CAPTACION:[CAPTACION]')
            DeleteEmptyLinesAtEnd = False
            DeleteEmptyLines = False
            CanResizeX = False
            CanResizeY = False
            hAlign = prhLeft
            vAlign = prvTop
            DefaultFont = False
            WordWrap = False
          end>
        dRec.Left = 24
        dRec.Top = 2
        dRec.Right = 91
        dRec.Bottom = 3
        Visible = False
      end
      object prTxMemoObj35: TprTxMemoObj
        dRec.DefVersion = 0
        dRec.Versions = <
          item
            Visible = True
            Memo.Strings = (
              'NIT:')
            DeleteEmptyLinesAtEnd = False
            DeleteEmptyLines = False
            CanResizeX = False
            CanResizeY = False
            hAlign = prhLeft
            vAlign = prvTop
            DefaultFont = False
            WordWrap = False
          end>
        dRec.Left = 25
        dRec.Top = 0
        dRec.Right = 29
        dRec.Bottom = 1
        Visible = False
      end
      object prTxMemoObj36: TprTxMemoObj
        dRec.DefVersion = 0
        dRec.Versions = <
          item
            Visible = True
            Memo.Strings = (
              '[NIT]')
            DeleteEmptyLinesAtEnd = False
            DeleteEmptyLines = False
            CanResizeX = False
            CanResizeY = False
            hAlign = prhLeft
            vAlign = prvTop
            DefaultFont = False
            WordWrap = False
          end>
        dRec.Left = 30
        dRec.Top = 0
        dRec.Right = 44
        dRec.Bottom = 1
        Visible = False
      end
      object prTxMemoObj37: TprTxMemoObj
        dRec.DefVersion = 0
        dRec.Versions = <
          item
            Visible = True
            Memo.Strings = (
              'DIAS')
            DeleteEmptyLinesAtEnd = False
            DeleteEmptyLines = False
            CanResizeX = False
            CanResizeY = False
            hAlign = prhCenter
            vAlign = prvTop
            DefaultFont = False
            WordWrap = False
          end>
        dRec.Left = 81
        dRec.Top = 4
        dRec.Right = 85
        dRec.Bottom = 5
        Visible = False
      end
      object prTxMemoObj39: TprTxMemoObj
        dRec.DefVersion = 0
        dRec.Versions = <
          item
            Visible = True
            Memo.Strings = (
              'CAUSADOS')
            DeleteEmptyLinesAtEnd = False
            DeleteEmptyLines = False
            CanResizeX = False
            CanResizeY = False
            hAlign = prhCenter
            vAlign = prvTop
            DefaultFont = False
            WordWrap = False
          end>
        dRec.Left = 99
        dRec.Top = 4
        dRec.Right = 111
        dRec.Bottom = 5
        Visible = False
      end
      object prTxMemoObj42: TprTxMemoObj
        dRec.DefVersion = 0
        dRec.Versions = <
          item
            Visible = True
            Memo.Strings = (
              'NETO')
            DeleteEmptyLinesAtEnd = False
            DeleteEmptyLines = False
            CanResizeX = False
            CanResizeY = False
            hAlign = prhCenter
            vAlign = prvTop
            DefaultFont = False
            WordWrap = False
          end>
        dRec.Left = 151
        dRec.Top = 4
        dRec.Right = 163
        dRec.Bottom = 5
        Visible = False
      end
      object prTxMemoObj46: TprTxMemoObj
        dRec.DefVersion = 0
        dRec.Versions = <
          item
            Visible = True
            Memo.Strings = (
              'Impreso:[:<yyyy/MM/dd>StartDateTime]')
            DeleteEmptyLinesAtEnd = False
            DeleteEmptyLines = False
            CanResizeX = False
            CanResizeY = False
            hAlign = prhLeft
            vAlign = prvTop
            DefaultFont = False
            WordWrap = False
          end>
        dRec.Left = 82
        dRec.Top = 0
        dRec.Right = 101
        dRec.Bottom = 1
        Visible = False
      end
      object prTxMemoObj47: TprTxMemoObj
        dRec.DefVersion = 0
        dRec.Versions = <
          item
            Visible = True
            Memo.Strings = (
              'TIPO LIQUIDACION:[TIPOLIQUIDACION]')
            DeleteEmptyLinesAtEnd = False
            DeleteEmptyLines = False
            CanResizeX = False
            CanResizeY = False
            hAlign = prhLeft
            vAlign = prvTop
            DefaultFont = False
            WordWrap = False
          end>
        dRec.Left = 92
        dRec.Top = 2
        dRec.Right = 128
        dRec.Bottom = 3
        Visible = False
      end
    end
  end
end
