object TprReport
  Title = 'Marcar TD'
  Values = <>
  Variables = <
    item
      Name = 'NOMBRE'
      ValueType = 'prvvtString'
      Value = ''
    end>
  PrinterName = 'Virtual printer'
  PreviewParams.Options = []
  PreviewParams.ShowToolbars = [prptPreviewCommon]
  Left = 416
  Top = 352
  SystemInfo = (
    'OS: WIN32_NT 5.1.2600 Service Pack 2'
    ''
    'PageSize: 4096'
    'ActiveProcessorMask: $1000'
    'NumberOfProcessors: 1'
    'ProcessorType: 586'
    ''
    'Compiler version: Delphi6'
    'PReport version: 1.9.4')
  LOGPIXELSX = 96
  LOGPIXELSY = 96
  object prPage1: TprPage
    Width = 850
    Height = 540
    PaperSize = -1
    Orientation = poLandscape
    lMargin = 7
    rMargin = 10
    tMargin = 10
    bMargin = 4
    PageScaleInfo.ScaleMode = psmUserSelected
    object prHTitleBand1: TprHTitleBand
      Height = 150
      UseVerticalBands = False
      object prMemoObj1: TprMemoObj
        dRec.DefVersion = 0
        dRec.Versions = <
          item
            Visible = True
            Memo.Strings = (
              'DEBITO')
            lBorder.Show = False
            lBorder.Style = psSolid
            lBorder.Color = clBlack
            lBorder.Width = 1
            rBorder.Show = False
            rBorder.Style = psSolid
            rBorder.Color = clBlack
            rBorder.Width = 1
            tBorder.Show = False
            tBorder.Style = psSolid
            tBorder.Color = clBlack
            tBorder.Width = 1
            bBorder.Show = False
            bBorder.Style = psSolid
            bBorder.Color = clBlack
            bBorder.Width = 1
            FillColor = clWhite
            hAlign = prhRight
            vAlign = prvTop
            Font.Charset = DEFAULT_CHARSET
            Font.Color = clWindowText
            Font.Height = -13
            Font.Name = 'Arial'
            Font.Style = [fsBold]
            Rotate90 = False
            DeleteEmptyLinesAtEnd = False
            DeleteEmptyLines = False
            CanResizeX = False
            CanResizeY = False
            WordWrap = False
            FontSize = 10
          end>
        dRec.Left = 168
        dRec.Top = 63
        dRec.Right = 274
        dRec.Bottom = 83
        Visible = False
      end
      object prMemoObj2: TprMemoObj
        dRec.DefVersion = 0
        dRec.Versions = <
          item
            Visible = True
            Memo.Strings = (
              '[NOMBRE]')
            lBorder.Show = False
            lBorder.Style = psSolid
            lBorder.Color = clBlack
            lBorder.Width = 1
            rBorder.Show = False
            rBorder.Style = psSolid
            rBorder.Color = clBlack
            rBorder.Width = 1
            tBorder.Show = False
            tBorder.Style = psSolid
            tBorder.Color = clBlack
            tBorder.Width = 1
            bBorder.Show = False
            bBorder.Style = psSolid
            bBorder.Color = clBlack
            bBorder.Width = 1
            FillColor = clWhite
            hAlign = prhLeft
            vAlign = prvTop
            Font.Charset = DEFAULT_CHARSET
            Font.Color = clWindowText
            Font.Height = -13
            Font.Name = 'Arial'
            Font.Style = [fsBold]
            Rotate90 = False
            DeleteEmptyLinesAtEnd = False
            DeleteEmptyLines = False
            CanResizeX = False
            CanResizeY = False
            WordWrap = False
            FontSize = 10
          end>
        dRec.Left = 0
        dRec.Top = 135
        dRec.Right = 153
        dRec.Bottom = 152
        Visible = False
      end
    end
  end
end
